Analysis & Synthesis report for lab_2s
Mon Dec 09 18:10:03 2024
Quartus Prime Version 18.1.0 Build 625 09/12/2018 SJ Lite Edition


---------------------
; Table of Contents ;
---------------------
  1. Legal Notice
  2. Analysis & Synthesis Summary
  3. Analysis & Synthesis Settings
  4. Parallel Compilation
  5. Analysis & Synthesis Source Files Read
  6. Analysis & Synthesis Resource Usage Summary
  7. Analysis & Synthesis Resource Utilization by Entity
  8. State Machine - |lab_2s|ss_cntr:ss_cntr_inst|FSM:FSM_inst|state
  9. Registers Removed During Synthesis
 10. General Register Statistics
 11. Source assignments for Top-level Entity: |lab_2s
 12. Parameter Settings for User Entity Instance: Top-level Entity: |lab_2s
 13. Parameter Settings for User Entity Instance: ss_cntr:ss_cntr_inst
 14. Parameter Settings for User Entity Instance: ss_cntr:ss_cntr_inst|d_rg:d_rg_inst
 15. Parameter Settings for User Entity Instance: ss_cntr:ss_cntr_inst|MUX:MUX_inst
 16. Parameter Settings for User Entity Instance: ss_cntr:ss_cntr_inst|FSM:FSM_inst
 17. Parameter Settings for User Entity Instance: ss_cntr:ss_cntr_inst|cnt_div:cnt_div_inst
 18. Port Connectivity Checks: "ss_cntr:ss_cntr_inst"
 19. Post-Synthesis Netlist Statistics for Top Partition
 20. Elapsed Time Per Partition
 21. Analysis & Synthesis Messages
 22. Analysis & Synthesis Suppressed Messages



----------------
; Legal Notice ;
----------------
Copyright (C) 2018  Intel Corporation. All rights reserved.
Your use of Intel Corporation's design tools, logic functions 
and other software and tools, and its AMPP partner logic 
functions, and any output files from any of the foregoing 
(including device programming or simulation files), and any 
associated documentation or information are expressly subject 
to the terms and conditions of the Intel Program License 
Subscription Agreement, the Intel Quartus Prime License Agreement,
the Intel FPGA IP License Agreement, or other applicable license
agreement, including, without limitation, that your use is for
the sole purpose of programming logic devices manufactured by
Intel and sold by Intel or its authorized distributors.  Please
refer to the applicable agreement for further details.



+----------------------------------------------------------------------------------+
; Analysis & Synthesis Summary                                                     ;
+------------------------------------+---------------------------------------------+
; Analysis & Synthesis Status        ; Successful - Mon Dec 09 18:10:03 2024       ;
; Quartus Prime Version              ; 18.1.0 Build 625 09/12/2018 SJ Lite Edition ;
; Revision Name                      ; lab_2s                                      ;
; Top-level Entity Name              ; lab_2s                                      ;
; Family                             ; Cyclone IV E                                ;
; Total logic elements               ; 63                                          ;
;     Total combinational functions  ; 55                                          ;
;     Dedicated logic registers      ; 50                                          ;
; Total registers                    ; 50                                          ;
; Total pins                         ; 13                                          ;
; Total virtual pins                 ; 0                                           ;
; Total memory bits                  ; 0                                           ;
; Embedded Multiplier 9-bit elements ; 0                                           ;
; Total PLLs                         ; 0                                           ;
+------------------------------------+---------------------------------------------+


+------------------------------------------------------------------------------------------------------------+
; Analysis & Synthesis Settings                                                                              ;
+------------------------------------------------------------------+--------------------+--------------------+
; Option                                                           ; Setting            ; Default Value      ;
+------------------------------------------------------------------+--------------------+--------------------+
; Device                                                           ; EP4CE6E22C8        ;                    ;
; Top-level entity name                                            ; lab_2s             ; lab_2s             ;
; Family name                                                      ; Cyclone IV E       ; Cyclone V          ;
; Use smart compilation                                            ; Off                ; Off                ;
; Enable parallel Assembler and Timing Analyzer during compilation ; On                 ; On                 ;
; Enable compact report table                                      ; Off                ; Off                ;
; Restructure Multiplexers                                         ; Auto               ; Auto               ;
; Create Debugging Nodes for IP Cores                              ; Off                ; Off                ;
; Preserve fewer node names                                        ; On                 ; On                 ;
; Intel FPGA IP Evaluation Mode                                    ; Enable             ; Enable             ;
; Verilog Version                                                  ; Verilog_2001       ; Verilog_2001       ;
; VHDL Version                                                     ; VHDL_1993          ; VHDL_1993          ;
; State Machine Processing                                         ; Auto               ; Auto               ;
; Safe State Machine                                               ; Off                ; Off                ;
; Extract Verilog State Machines                                   ; On                 ; On                 ;
; Extract VHDL State Machines                                      ; On                 ; On                 ;
; Ignore Verilog initial constructs                                ; Off                ; Off                ;
; Iteration limit for constant Verilog loops                       ; 5000               ; 5000               ;
; Iteration limit for non-constant Verilog loops                   ; 250                ; 250                ;
; Add Pass-Through Logic to Inferred RAMs                          ; On                 ; On                 ;
; Infer RAMs from Raw Logic                                        ; On                 ; On                 ;
; Parallel Synthesis                                               ; On                 ; On                 ;
; DSP Block Balancing                                              ; Auto               ; Auto               ;
; NOT Gate Push-Back                                               ; On                 ; On                 ;
; Power-Up Don't Care                                              ; On                 ; On                 ;
; Remove Redundant Logic Cells                                     ; Off                ; Off                ;
; Remove Duplicate Registers                                       ; On                 ; On                 ;
; Ignore CARRY Buffers                                             ; Off                ; Off                ;
; Ignore CASCADE Buffers                                           ; Off                ; Off                ;
; Ignore GLOBAL Buffers                                            ; Off                ; Off                ;
; Ignore ROW GLOBAL Buffers                                        ; Off                ; Off                ;
; Ignore LCELL Buffers                                             ; Off                ; Off                ;
; Ignore SOFT Buffers                                              ; On                 ; On                 ;
; Limit AHDL Integers to 32 Bits                                   ; Off                ; Off                ;
; Optimization Technique                                           ; Balanced           ; Balanced           ;
; Carry Chain Length                                               ; 70                 ; 70                 ;
; Auto Carry Chains                                                ; On                 ; On                 ;
; Auto Open-Drain Pins                                             ; On                 ; On                 ;
; Perform WYSIWYG Primitive Resynthesis                            ; Off                ; Off                ;
; Auto ROM Replacement                                             ; On                 ; On                 ;
; Auto RAM Replacement                                             ; On                 ; On                 ;
; Auto DSP Block Replacement                                       ; On                 ; On                 ;
; Auto Shift Register Replacement                                  ; Auto               ; Auto               ;
; Allow Shift Register Merging across Hierarchies                  ; Auto               ; Auto               ;
; Auto Clock Enable Replacement                                    ; On                 ; On                 ;
; Strict RAM Replacement                                           ; Off                ; Off                ;
; Allow Synchronous Control Signals                                ; On                 ; On                 ;
; Force Use of Synchronous Clear Signals                           ; Off                ; Off                ;
; Auto RAM Block Balancing                                         ; On                 ; On                 ;
; Auto RAM to Logic Cell Conversion                                ; Off                ; Off                ;
; Auto Resource Sharing                                            ; Off                ; Off                ;
; Allow Any RAM Size For Recognition                               ; Off                ; Off                ;
; Allow Any ROM Size For Recognition                               ; Off                ; Off                ;
; Allow Any Shift Register Size For Recognition                    ; Off                ; Off                ;
; Use LogicLock Constraints during Resource Balancing              ; On                 ; On                 ;
; Ignore translate_off and synthesis_off directives                ; Off                ; Off                ;
; Timing-Driven Synthesis                                          ; On                 ; On                 ;
; Report Parameter Settings                                        ; On                 ; On                 ;
; Report Source Assignments                                        ; On                 ; On                 ;
; Report Connectivity Checks                                       ; On                 ; On                 ;
; Ignore Maximum Fan-Out Assignments                               ; Off                ; Off                ;
; Synchronization Register Chain Length                            ; 2                  ; 2                  ;
; Power Optimization During Synthesis                              ; Normal compilation ; Normal compilation ;
; HDL message level                                                ; Level2             ; Level2             ;
; Suppress Register Optimization Related Messages                  ; Off                ; Off                ;
; Number of Removed Registers Reported in Synthesis Report         ; 5000               ; 5000               ;
; Number of Swept Nodes Reported in Synthesis Report               ; 5000               ; 5000               ;
; Number of Inverted Registers Reported in Synthesis Report        ; 100                ; 100                ;
; Clock MUX Protection                                             ; On                 ; On                 ;
; Auto Gated Clock Conversion                                      ; Off                ; Off                ;
; Block Design Naming                                              ; Auto               ; Auto               ;
; SDC constraint protection                                        ; Off                ; Off                ;
; Synthesis Effort                                                 ; Auto               ; Auto               ;
; Shift Register Replacement - Allow Asynchronous Clear Signal     ; On                 ; On                 ;
; Pre-Mapping Resynthesis Optimization                             ; Off                ; Off                ;
; Analysis & Synthesis Message Level                               ; Medium             ; Medium             ;
; Disable Register Merging Across Hierarchies                      ; Auto               ; Auto               ;
; Resource Aware Inference For Block RAM                           ; On                 ; On                 ;
+------------------------------------------------------------------+--------------------+--------------------+


+------------------------------------------+
; Parallel Compilation                     ;
+----------------------------+-------------+
; Processors                 ; Number      ;
+----------------------------+-------------+
; Number detected on machine ; 12          ;
; Maximum allowed            ; 12          ;
;                            ;             ;
; Average used               ; 1.00        ;
; Maximum used               ; 12          ;
;                            ;             ;
; Usage by Processor         ; % Time Used ;
;     Processor 1            ; 100.0%      ;
;     Processors 2-12        ;   0.0%      ;
+----------------------------+-------------+


+----------------------------------------------------------------------------------------------------------------------------------+
; Analysis & Synthesis Source Files Read                                                                                           ;
+----------------------------------+-----------------+------------------------------+------------------------------------+---------+
; File Name with User-Entered Path ; Used in Netlist ; File Type                    ; File Name with Absolute Path       ; Library ;
+----------------------------------+-----------------+------------------------------+------------------------------------+---------+
; FSM.sv                           ; yes             ; User SystemVerilog HDL File  ; D:/repos/verilog/lab_2s/FSM.sv     ;         ;
; MUX.sv                           ; yes             ; User SystemVerilog HDL File  ; D:/repos/verilog/lab_2s/MUX.sv     ;         ;
; ss_rg.sv                         ; yes             ; User SystemVerilog HDL File  ; D:/repos/verilog/lab_2s/ss_rg.sv   ;         ;
; dig_rg.sv                        ; yes             ; User SystemVerilog HDL File  ; D:/repos/verilog/lab_2s/dig_rg.sv  ;         ;
; d_rg.sv                          ; yes             ; User SystemVerilog HDL File  ; D:/repos/verilog/lab_2s/d_rg.sv    ;         ;
; rst_rg.sv                        ; yes             ; User SystemVerilog HDL File  ; D:/repos/verilog/lab_2s/rst_rg.sv  ;         ;
; b2ss.sv                          ; yes             ; User SystemVerilog HDL File  ; D:/repos/verilog/lab_2s/b2ss.sv    ;         ;
; cnt_div.sv                       ; yes             ; User SystemVerilog HDL File  ; D:/repos/verilog/lab_2s/cnt_div.sv ;         ;
; ss_cntr.sv                       ; yes             ; User SystemVerilog HDL File  ; D:/repos/verilog/lab_2s/ss_cntr.sv ;         ;
; lab_2s.sv                        ; yes             ; User SystemVerilog HDL File  ; D:/repos/verilog/lab_2s/lab_2s.sv  ;         ;
+----------------------------------+-----------------+------------------------------+------------------------------------+---------+


+---------------------------------------------------------+
; Analysis & Synthesis Resource Usage Summary             ;
+---------------------------------------------+-----------+
; Resource                                    ; Usage     ;
+---------------------------------------------+-----------+
; Estimated Total logic elements              ; 63        ;
;                                             ;           ;
; Total combinational functions               ; 55        ;
; Logic element usage by number of LUT inputs ;           ;
;     -- 4 input functions                    ; 11        ;
;     -- 3 input functions                    ; 3         ;
;     -- <=2 input functions                  ; 41        ;
;                                             ;           ;
; Logic elements by mode                      ;           ;
;     -- normal mode                          ; 24        ;
;     -- arithmetic mode                      ; 31        ;
;                                             ;           ;
; Total registers                             ; 50        ;
;     -- Dedicated logic registers            ; 50        ;
;     -- I/O registers                        ; 0         ;
;                                             ;           ;
; I/O pins                                    ; 13        ;
;                                             ;           ;
; Embedded Multiplier 9-bit elements          ; 0         ;
;                                             ;           ;
; Maximum fan-out node                        ; clk~input ;
; Maximum fan-out                             ; 50        ;
; Total fan-out                               ; 299       ;
; Average fan-out                             ; 2.28      ;
+---------------------------------------------+-----------+


+------------------------------------------------------------------------------------------------------------------------------------------------------------------------------------------------------------------------------------------+
; Analysis & Synthesis Resource Utilization by Entity                                                                                                                                                                                      ;
+------------------------------+---------------------+---------------------------+-------------+--------------+---------+-----------+------+--------------+---------------------------------------------------+-------------+--------------+
; Compilation Hierarchy Node   ; Combinational ALUTs ; Dedicated Logic Registers ; Memory Bits ; DSP Elements ; DSP 9x9 ; DSP 18x18 ; Pins ; Virtual Pins ; Full Hierarchy Name                               ; Entity Name ; Library Name ;
+------------------------------+---------------------+---------------------------+-------------+--------------+---------+-----------+------+--------------+---------------------------------------------------+-------------+--------------+
; |lab_2s                      ; 55 (0)              ; 50 (0)                    ; 0           ; 0            ; 0       ; 0         ; 13   ; 0            ; |lab_2s                                           ; lab_2s      ; work         ;
;    |ss_cntr:ss_cntr_inst|    ; 55 (0)              ; 50 (0)                    ; 0           ; 0            ; 0       ; 0         ; 0    ; 0            ; |lab_2s|ss_cntr:ss_cntr_inst                      ; ss_cntr     ; work         ;
;       |FSM:FSM_inst|         ; 2 (2)               ; 4 (4)                     ; 0           ; 0            ; 0       ; 0         ; 0    ; 0            ; |lab_2s|ss_cntr:ss_cntr_inst|FSM:FSM_inst         ; FSM         ; work         ;
;       |MUX:MUX_inst|         ; 1 (1)               ; 0 (0)                     ; 0           ; 0            ; 0       ; 0         ; 0    ; 0            ; |lab_2s|ss_cntr:ss_cntr_inst|MUX:MUX_inst         ; MUX         ; work         ;
;       |b2ss:b2ss_inst|       ; 1 (1)               ; 0 (0)                     ; 0           ; 0            ; 0       ; 0         ; 0    ; 0            ; |lab_2s|ss_cntr:ss_cntr_inst|b2ss:b2ss_inst       ; b2ss        ; work         ;
;       |cnt_div:cnt_div_inst| ; 44 (44)             ; 32 (32)                   ; 0           ; 0            ; 0       ; 0         ; 0    ; 0            ; |lab_2s|ss_cntr:ss_cntr_inst|cnt_div:cnt_div_inst ; cnt_div     ; work         ;
;       |d_rg:d_rg_inst|       ; 0 (0)               ; 1 (1)                     ; 0           ; 0            ; 0       ; 0         ; 0    ; 0            ; |lab_2s|ss_cntr:ss_cntr_inst|d_rg:d_rg_inst       ; d_rg        ; work         ;
;       |dig_rg:dig_rg_inst|   ; 4 (4)               ; 4 (4)                     ; 0           ; 0            ; 0       ; 0         ; 0    ; 0            ; |lab_2s|ss_cntr:ss_cntr_inst|dig_rg:dig_rg_inst   ; dig_rg      ; work         ;
;       |rst_rg:rst_rg_inst|   ; 0 (0)               ; 2 (2)                     ; 0           ; 0            ; 0       ; 0         ; 0    ; 0            ; |lab_2s|ss_cntr:ss_cntr_inst|rst_rg:rst_rg_inst   ; rst_rg      ; work         ;
;       |ss_rg:ss_rg_inst|     ; 3 (3)               ; 7 (7)                     ; 0           ; 0            ; 0       ; 0         ; 0    ; 0            ; |lab_2s|ss_cntr:ss_cntr_inst|ss_rg:ss_rg_inst     ; ss_rg       ; work         ;
+------------------------------+---------------------+---------------------------+-------------+--------------+---------+-----------+------+--------------+---------------------------------------------------+-------------+--------------+
Note: For table entries with two numbers listed, the numbers in parentheses indicate the number of resources of the given type used by the specific entity alone. The numbers listed outside of parentheses indicate the total resources of the given type used by the specific entity and all of its sub-entities in the hierarchy.


Encoding Type:  One-Hot
+-----------------------------------------------------------------+
; State Machine - |lab_2s|ss_cntr:ss_cntr_inst|FSM:FSM_inst|state ;
+----------+----------+----------+----------+---------------------+
; Name     ; state.S3 ; state.S2 ; state.S1 ; state.S0            ;
+----------+----------+----------+----------+---------------------+
; state.S0 ; 0        ; 0        ; 0        ; 0                   ;
; state.S1 ; 0        ; 0        ; 1        ; 1                   ;
; state.S2 ; 0        ; 1        ; 0        ; 1                   ;
; state.S3 ; 1        ; 0        ; 0        ; 1                   ;
+----------+----------+----------+----------+---------------------+


+------------------------------------------------------------------------------------------------------------+
; Registers Removed During Synthesis                                                                         ;
+-------------------------------------------------+----------------------------------------------------------+
; Register name                                   ; Reason for Removal                                       ;
+-------------------------------------------------+----------------------------------------------------------+
; ss_cntr:ss_cntr_inst|d_rg:d_rg_inst|reg_d[0..3] ; Stuck at GND due to stuck port data_in                   ;
; ss_cntr:ss_cntr_inst|d_rg:d_rg_inst|reg_c[2,3]  ; Stuck at GND due to stuck port data_in                   ;
; ss_cntr:ss_cntr_inst|d_rg:d_rg_inst|reg_b[3]    ; Stuck at GND due to stuck port data_in                   ;
; ss_cntr:ss_cntr_inst|d_rg:d_rg_inst|reg_a[0..3] ; Merged with ss_cntr:ss_cntr_inst|d_rg:d_rg_inst|reg_c[0] ;
; ss_cntr:ss_cntr_inst|d_rg:d_rg_inst|reg_b[0..2] ; Merged with ss_cntr:ss_cntr_inst|d_rg:d_rg_inst|reg_c[0] ;
; ss_cntr:ss_cntr_inst|d_rg:d_rg_inst|reg_c[1]    ; Merged with ss_cntr:ss_cntr_inst|d_rg:d_rg_inst|reg_c[0] ;
; ss_cntr:ss_cntr_inst|FSM:FSM_inst|state~4       ; Lost fanout                                              ;
; ss_cntr:ss_cntr_inst|FSM:FSM_inst|state~5       ; Lost fanout                                              ;
; Total Number of Removed Registers = 17          ;                                                          ;
+-------------------------------------------------+----------------------------------------------------------+


+------------------------------------------------------+
; General Register Statistics                          ;
+----------------------------------------------+-------+
; Statistic                                    ; Value ;
+----------------------------------------------+-------+
; Total registers                              ; 50    ;
; Number of registers using Synchronous Clear  ; 36    ;
; Number of registers using Synchronous Load   ; 0     ;
; Number of registers using Asynchronous Clear ; 4     ;
; Number of registers using Asynchronous Load  ; 0     ;
; Number of registers using Clock Enable       ; 4     ;
; Number of registers using Preset             ; 0     ;
+----------------------------------------------+-------+


+--------------------------------------------------+
; Source assignments for Top-level Entity: |lab_2s ;
+-------------+--------------+------+--------------+
; Assignment  ; Value        ; From ; To           ;
+-------------+--------------+------+--------------+
; LOCATION    ; Pin_87       ; -    ; ss[6]        ;
; LOCATION    ; Pin_133      ; -    ; ss[5]        ;
; LOCATION    ; Pin_86       ; -    ; ss[4]        ;
; LOCATION    ; Pin_77       ; -    ; ss[3]        ;
; LOCATION    ; Pin_85       ; -    ; ss[2]        ;
; LOCATION    ; Pin_76       ; -    ; ss[1]        ;
; LOCATION    ; Pin_84       ; -    ; ss[0]        ;
; LOCATION    ; Pin_73       ; -    ; dig[4]       ;
; LOCATION    ; Pin_80       ; -    ; dig[3]       ;
; LOCATION    ; Pin_74       ; -    ; dig[2]       ;
; LOCATION    ; Pin_83       ; -    ; dig[1]       ;
; IO_STANDARD ; 3.3-V LVCMOS ; -    ; clk          ;
; LOCATION    ; Pin_23       ; -    ; clk          ;
; IO_STANDARD ; 3.3-V LVCMOS ; -    ; rst_n        ;
; LOCATION    ; Pin_64       ; -    ; rst_n        ;
; IO_STANDARD ; 3.3-V LVCMOS ; -    ; ss[6]        ;
; IO_STANDARD ; 3.3-V LVCMOS ; -    ; ss[5]        ;
; IO_STANDARD ; 3.3-V LVCMOS ; -    ; ss[4]        ;
; IO_STANDARD ; 3.3-V LVCMOS ; -    ; ss[3]        ;
; IO_STANDARD ; 3.3-V LVCMOS ; -    ; ss[2]        ;
; IO_STANDARD ; 3.3-V LVCMOS ; -    ; ss[1]        ;
; IO_STANDARD ; 3.3-V LVCMOS ; -    ; ss[0]        ;
; IO_STANDARD ; 3.3-V LVCMOS ; -    ; dig[4]       ;
; IO_STANDARD ; 3.3-V LVCMOS ; -    ; dig[3]       ;
; IO_STANDARD ; 3.3-V LVCMOS ; -    ; dig[2]       ;
; IO_STANDARD ; 3.3-V LVCMOS ; -    ; dig[1]       ;
+-------------+--------------+------+--------------+


+------------------------------------------------------------------------+
; Parameter Settings for User Entity Instance: Top-level Entity: |lab_2s ;
+----------------+-------+-----------------------------------------------+
; Parameter Name ; Value ; Type                                          ;
+----------------+-------+-----------------------------------------------+
; W              ; 10000 ; Signed Integer                                ;
+----------------+-------+-----------------------------------------------+
Note: In order to hide this table in the UI and the text report file, please set the "Show Parameter Settings in Synthesis Report" option in "Analysis and Synthesis Settings -> More Settings" to "Off".


+-------------------------------------------------------------------+
; Parameter Settings for User Entity Instance: ss_cntr:ss_cntr_inst ;
+----------------+-------+------------------------------------------+
; Parameter Name ; Value ; Type                                     ;
+----------------+-------+------------------------------------------+
; W              ; 10000 ; Signed Integer                           ;
+----------------+-------+------------------------------------------+
Note: In order to hide this table in the UI and the text report file, please set the "Show Parameter Settings in Synthesis Report" option in "Analysis and Synthesis Settings -> More Settings" to "Off".


+----------------------------------------------------------------------------------+
; Parameter Settings for User Entity Instance: ss_cntr:ss_cntr_inst|d_rg:d_rg_inst ;
+----------------+-------+---------------------------------------------------------+
; Parameter Name ; Value ; Type                                                    ;
+----------------+-------+---------------------------------------------------------+
; W              ; 4     ; Signed Integer                                          ;
+----------------+-------+---------------------------------------------------------+
Note: In order to hide this table in the UI and the text report file, please set the "Show Parameter Settings in Synthesis Report" option in "Analysis and Synthesis Settings -> More Settings" to "Off".


+--------------------------------------------------------------------------------+
; Parameter Settings for User Entity Instance: ss_cntr:ss_cntr_inst|MUX:MUX_inst ;
+----------------+-------+-------------------------------------------------------+
; Parameter Name ; Value ; Type                                                  ;
+----------------+-------+-------------------------------------------------------+
; W              ; 4     ; Signed Integer                                        ;
+----------------+-------+-------------------------------------------------------+
Note: In order to hide this table in the UI and the text report file, please set the "Show Parameter Settings in Synthesis Report" option in "Analysis and Synthesis Settings -> More Settings" to "Off".


+--------------------------------------------------------------------------------+
; Parameter Settings for User Entity Instance: ss_cntr:ss_cntr_inst|FSM:FSM_inst ;
+----------------+-------+-------------------------------------------------------+
; Parameter Name ; Value ; Type                                                  ;
+----------------+-------+-------------------------------------------------------+
; S0             ; 0     ; Signed Integer                                        ;
; S1             ; 1     ; Signed Integer                                        ;
; S2             ; 2     ; Signed Integer                                        ;
; S3             ; 3     ; Signed Integer                                        ;
+----------------+-------+-------------------------------------------------------+
Note: In order to hide this table in the UI and the text report file, please set the "Show Parameter Settings in Synthesis Report" option in "Analysis and Synthesis Settings -> More Settings" to "Off".


+----------------------------------------------------------------------------------------+
; Parameter Settings for User Entity Instance: ss_cntr:ss_cntr_inst|cnt_div:cnt_div_inst ;
+----------------+-------+---------------------------------------------------------------+
; Parameter Name ; Value ; Type                                                          ;
+----------------+-------+---------------------------------------------------------------+
; parametr       ; 10000 ; Signed Integer                                                ;
+----------------+-------+---------------------------------------------------------------+
Note: In order to hide this table in the UI and the text report file, please set the "Show Parameter Settings in Synthesis Report" option in "Analysis and Synthesis Settings -> More Settings" to "Off".


+--------------------------------------------------+
; Port Connectivity Checks: "ss_cntr:ss_cntr_inst" ;
+---------+-------+----------+---------------------+
; Port    ; Type  ; Severity ; Details             ;
+---------+-------+----------+---------------------+
; a       ; Input ; Info     ; Stuck at VCC        ;
; b[2..0] ; Input ; Info     ; Stuck at VCC        ;
; b[3]    ; Input ; Info     ; Stuck at GND        ;
; c[1..0] ; Input ; Info     ; Stuck at VCC        ;
; c[3..2] ; Input ; Info     ; Stuck at GND        ;
; d       ; Input ; Info     ; Stuck at GND        ;
+---------+-------+----------+---------------------+


+-----------------------------------------------------+
; Post-Synthesis Netlist Statistics for Top Partition ;
+-----------------------+-----------------------------+
; Type                  ; Count                       ;
+-----------------------+-----------------------------+
; boundary_port         ; 13                          ;
; cycloneiii_ff         ; 50                          ;
;     ENA CLR           ; 4                           ;
;     SCLR              ; 36                          ;
;     plain             ; 10                          ;
; cycloneiii_lcell_comb ; 55                          ;
;     arith             ; 31                          ;
;         2 data inputs ; 31                          ;
;     normal            ; 24                          ;
;         1 data inputs ; 3                           ;
;         2 data inputs ; 7                           ;
;         3 data inputs ; 3                           ;
;         4 data inputs ; 11                          ;
;                       ;                             ;
; Max LUT depth         ; 4.10                        ;
; Average LUT depth     ; 2.87                        ;
+-----------------------+-----------------------------+


+-------------------------------+
; Elapsed Time Per Partition    ;
+----------------+--------------+
; Partition Name ; Elapsed Time ;
+----------------+--------------+
; Top            ; 00:00:00     ;
+----------------+--------------+


+-------------------------------+
; Analysis & Synthesis Messages ;
+-------------------------------+
Info: *******************************************************************
Info: Running Quartus Prime Analysis & Synthesis
    Info: Version 18.1.0 Build 625 09/12/2018 SJ Lite Edition
    Info: Processing started: Mon Dec 09 18:09:53 2024
Info: Command: quartus_map --read_settings_files=on --write_settings_files=off lab_2s -c lab_2s
Warning (18236): Number of processors has not been specified which may cause overloading on shared machines.  Set the global assignment NUM_PARALLEL_PROCESSORS in your QSF to an appropriate value for best performance.
Info (20030): Parallel compilation is enabled and will use 12 of the 12 processors detected
Info (12021): Found 1 design units, including 1 entities, in source file fsm.sv
    Info (12023): Found entity 1: FSM File: D:/repos/verilog/lab_2s/FSM.sv Line: 1
Info (12021): Found 1 design units, including 1 entities, in source file tb_fsm.sv
    Info (12023): Found entity 1: tb_FSM File: D:/repos/verilog/lab_2s/tb_FSM.sv Line: 1
Warning (12090): Entity "MUX" obtained from "MUX.sv" instead of from Quartus Prime megafunction library File: D:/repos/verilog/lab_2s/MUX.sv Line: 1
Info (12021): Found 1 design units, including 1 entities, in source file mux.sv
    Info (12023): Found entity 1: MUX File: D:/repos/verilog/lab_2s/MUX.sv Line: 1
Info (12021): Found 1 design units, including 1 entities, in source file tb_mux.sv
    Info (12023): Found entity 1: tb_MUX File: D:/repos/verilog/lab_2s/tb_MUX.sv Line: 2
Info (12021): Found 1 design units, including 1 entities, in source file ss_rg.sv
    Info (12023): Found entity 1: ss_rg File: D:/repos/verilog/lab_2s/ss_rg.sv Line: 1
Info (12021): Found 1 design units, including 1 entities, in source file dig_rg.sv
    Info (12023): Found entity 1: dig_rg File: D:/repos/verilog/lab_2s/dig_rg.sv Line: 1
Info (12021): Found 1 design units, including 1 entities, in source file d_rg.sv
    Info (12023): Found entity 1: d_rg File: D:/repos/verilog/lab_2s/d_rg.sv Line: 1
Info (12021): Found 1 design units, including 1 entities, in source file rst_rg.sv
    Info (12023): Found entity 1: rst_rg File: D:/repos/verilog/lab_2s/rst_rg.sv Line: 1
Info (12021): Found 1 design units, including 1 entities, in source file b2ss.sv
    Info (12023): Found entity 1: b2ss File: D:/repos/verilog/lab_2s/b2ss.sv Line: 1
Info (12021): Found 1 design units, including 1 entities, in source file cnt_div.sv
    Info (12023): Found entity 1: cnt_div File: D:/repos/verilog/lab_2s/cnt_div.sv Line: 1
Info (12021): Found 1 design units, including 1 entities, in source file ss_cntr.sv
    Info (12023): Found entity 1: ss_cntr File: D:/repos/verilog/lab_2s/ss_cntr.sv Line: 1
Info (12021): Found 1 design units, including 1 entities, in source file lab_2s.sv
    Info (12023): Found entity 1: lab_2s File: D:/repos/verilog/lab_2s/lab_2s.sv Line: 1
Info (12021): Found 1 design units, including 1 entities, in source file tb_lab_2s.sv
    Info (12023): Found entity 1: tb_lab_2s File: D:/repos/verilog/lab_2s/tb_lab_2s.sv Line: 2
Warning (10222): Verilog HDL Parameter Declaration warning at lab_2s.sv(12): Parameter Declaration in module "lab_2s" behaves as a Local Parameter Declaration because the module has a Module Parameter Port List File: D:/repos/verilog/lab_2s/lab_2s.sv Line: 12
Info (12127): Elaborating entity "lab_2s" for the top level hierarchy
Info (12128): Elaborating entity "ss_cntr" for hierarchy "ss_cntr:ss_cntr_inst" File: D:/repos/verilog/lab_2s/lab_2s.sv Line: 20
Info (12128): Elaborating entity "d_rg" for hierarchy "ss_cntr:ss_cntr_inst|d_rg:d_rg_inst" File: D:/repos/verilog/lab_2s/ss_cntr.sv Line: 20
Info (12128): Elaborating entity "rst_rg" for hierarchy "ss_cntr:ss_cntr_inst|rst_rg:rst_rg_inst" File: D:/repos/verilog/lab_2s/ss_cntr.sv Line: 26
Info (12128): Elaborating entity "MUX" for hierarchy "ss_cntr:ss_cntr_inst|MUX:MUX_inst" File: D:/repos/verilog/lab_2s/ss_cntr.sv Line: 32
Info (12128): Elaborating entity "FSM" for hierarchy "ss_cntr:ss_cntr_inst|FSM:FSM_inst" File: D:/repos/verilog/lab_2s/ss_cntr.sv Line: 40
Info (12128): Elaborating entity "cnt_div" for hierarchy "ss_cntr:ss_cntr_inst|cnt_div:cnt_div_inst" File: D:/repos/verilog/lab_2s/ss_cntr.sv Line: 47
Info (12128): Elaborating entity "b2ss" for hierarchy "ss_cntr:ss_cntr_inst|b2ss:b2ss_inst" File: D:/repos/verilog/lab_2s/ss_cntr.sv Line: 52
Warning (10030): Net "arr.data_a" at b2ss.sv(7) has no driver or initial value, using a default initial value '0' File: D:/repos/verilog/lab_2s/b2ss.sv Line: 7
Warning (10030): Net "arr.waddr_a" at b2ss.sv(7) has no driver or initial value, using a default initial value '0' File: D:/repos/verilog/lab_2s/b2ss.sv Line: 7
Warning (10030): Net "arr.we_a" at b2ss.sv(7) has no driver or initial value, using a default initial value '0' File: D:/repos/verilog/lab_2s/b2ss.sv Line: 7
Info (12128): Elaborating entity "ss_rg" for hierarchy "ss_cntr:ss_cntr_inst|ss_rg:ss_rg_inst" File: D:/repos/verilog/lab_2s/ss_cntr.sv Line: 59
Info (12128): Elaborating entity "dig_rg" for hierarchy "ss_cntr:ss_cntr_inst|dig_rg:dig_rg_inst" File: D:/repos/verilog/lab_2s/ss_cntr.sv Line: 66
Info (13014): Ignored 2 buffer(s)
    Info (13019): Ignored 2 SOFT buffer(s)
Info (276014): Found 1 instances of uninferred RAM logic
    Info (276004): RAM logic "ss_cntr:ss_cntr_inst|b2ss:b2ss_inst|arr" is uninferred due to inappropriate RAM size File: D:/repos/verilog/lab_2s/b2ss.sv Line: 7
Info (286030): Timing-Driven Synthesis is running
Info (17049): 2 registers lost all their fanouts during netlist optimizations.
Info (144001): Generated suppressed messages file D:/repos/verilog/lab_2s/output_files/lab_2s.map.smsg
Info (16010): Generating hard_block partition "hard_block:auto_generated_inst"
    Info (16011): Adding 0 node(s), including 0 DDIO, 0 PLL, 0 transceiver and 0 LCELL
Info (21057): Implemented 78 device resources after synthesis - the final resource count might be different
    Info (21058): Implemented 2 input pins
    Info (21059): Implemented 11 output pins
    Info (21061): Implemented 65 logic cells
Info: Quartus Prime Analysis & Synthesis was successful. 0 errors, 6 warnings
    Info: Peak virtual memory: 4821 megabytes
    Info: Processing ended: Mon Dec 09 18:10:03 2024
    Info: Elapsed time: 00:00:10
    Info: Total CPU time (on all processors): 00:00:07


+------------------------------------------+
; Analysis & Synthesis Suppressed Messages ;
+------------------------------------------+
The suppressed messages can be found in D:/repos/verilog/lab_2s/output_files/lab_2s.map.smsg.


