Flow report for Lab_D
Sun Oct 27 16:43:31 2024
Quartus Prime Version 18.1.0 Build 625 09/12/2018 SJ Lite Edition


---------------------
; Table of Contents ;
---------------------
  1. Legal Notice
  2. Flow Summary
  3. Flow Settings
  4. Flow Non-Default Global Settings
  5. Flow Elapsed Time
  6. Flow OS Summary
  7. Flow Log
  8. Flow Messages
  9. Flow Suppressed Messages



----------------
; Legal Notice ;
----------------
Copyright (C) 2018  Intel Corporation. All rights reserved.
Your use of Intel Corporation's design tools, logic functions 
and other software and tools, and its AMPP partner logic 
functions, and any output files from any of the foregoing 
(including device programming or simulation files), and any 
associated documentation or information are expressly subject 
to the terms and conditions of the Intel Program License 
Subscription Agreement, the Intel Quartus Prime License Agreement,
the Intel FPGA IP License Agreement, or other applicable license
agreement, including, without limitation, that your use is for
the sole purpose of programming logic devices manufactured by
Intel and sold by Intel or its authorized distributors.  Please
refer to the applicable agreement for further details.



+----------------------------------------------------------------------------------+
; Flow Summary                                                                     ;
+------------------------------------+---------------------------------------------+
; Flow Status                        ; Successful - Sun Oct 27 16:43:27 2024       ;
; Quartus Prime Version              ; 18.1.0 Build 625 09/12/2018 SJ Lite Edition ;
; Revision Name                      ; Lab_D                                       ;
; Top-level Entity Name              ; Lab_D                                       ;
; Family                             ; Cyclone IV E                                ;
; Device                             ; EP4CE6E22C8                                 ;
; Timing Models                      ; Final                                       ;
; Total logic elements               ; 1,336 / 6,272 ( 21 % )                      ;
;     Total combinational functions  ; 950 / 6,272 ( 15 % )                        ;
;     Dedicated logic registers      ; 976 / 6,272 ( 16 % )                        ;
; Total registers                    ; 976                                         ;
; Total pins                         ; 3 / 92 ( 3 % )                              ;
; Total virtual pins                 ; 0                                           ;
; Total memory bits                  ; 4,640 / 276,480 ( 2 % )                     ;
; Embedded Multiplier 9-bit elements ; 0 / 30 ( 0 % )                              ;
; Total PLLs                         ; 0 / 2 ( 0 % )                               ;
+------------------------------------+---------------------------------------------+


+-----------------------------------------+
; Flow Settings                           ;
+-------------------+---------------------+
; Option            ; Setting             ;
+-------------------+---------------------+
; Start date & time ; 10/27/2024 16:42:49 ;
; Main task         ; Compilation         ;
; Revision Name     ; Lab_D               ;
+-------------------+---------------------+


+----------------------------------------------------------------------------------------------------------------------------------------------------------------+
; Flow Non-Default Global Settings                                                                                                                               ;
+-------------------------------------+-------------------------------------------------------------------------+---------------+-------------+------------------+
; Assignment Name                     ; Value                                                                   ; Default Value ; Entity Name ; Section Id       ;
+-------------------------------------+-------------------------------------------------------------------------+---------------+-------------+------------------+
; COMPILER_SIGNATURE_ID               ; 2543371530776.173003656901632                                           ; --            ; --          ; --               ;
; ENABLE_LOGIC_ANALYZER_INTERFACE     ; On                                                                      ; --            ; --          ; --               ;
; ENABLE_SIGNALTAP                    ; On                                                                      ; --            ; --          ; --               ;
; MAX_CORE_JUNCTION_TEMP              ; 85                                                                      ; --            ; --          ; --               ;
; MIN_CORE_JUNCTION_TEMP              ; 0                                                                       ; --            ; --          ; --               ;
; MISC_FILE                           ; MY_ISSPE/synthesis/../MY_ISSPE.cmp                                      ; --            ; --          ; --               ;
; MISC_FILE                           ; MY_ISSPE/synthesis/../../MY_ISSPE.qsys                                  ; --            ; --          ; --               ;
; MISC_FILE                           ; ROM_inst.v                                                              ; --            ; --          ; --               ;
; MISC_FILE                           ; ROM_bb.v                                                                ; --            ; --          ; --               ;
; MISC_FILE                           ; ROM_adr_limit_inst.v                                                    ; --            ; --          ; --               ;
; MISC_FILE                           ; ROM_adr_limit_bb.v                                                      ; --            ; --          ; --               ;
; NOMINAL_CORE_SUPPLY_VOLTAGE         ; 1.2V                                                                    ; --            ; --          ; --               ;
; PARTITION_COLOR                     ; -- (Not supported for targeted family)                                  ; --            ; --          ; Top              ;
; PARTITION_FITTER_PRESERVATION_LEVEL ; -- (Not supported for targeted family)                                  ; --            ; --          ; Top              ;
; PARTITION_NETLIST_TYPE              ; -- (Not supported for targeted family)                                  ; --            ; --          ; Top              ;
; POWER_BOARD_THERMAL_MODEL           ; None (CONSERVATIVE)                                                     ; --            ; --          ; --               ;
; POWER_PRESET_COOLING_SOLUTION       ; 23 MM HEAT SINK WITH 200 LFPM AIRFLOW                                   ; --            ; --          ; --               ;
; PROJECT_OUTPUT_DIRECTORY            ; output_files                                                            ; --            ; --          ; --               ;
; SLD_FILE                            ; MY_ISSPE/synthesis/MY_ISSPE.debuginfo                                   ; --            ; --          ; --               ;
; SLD_FILE                            ; db/Lab_D_auto_stripped.stp                                              ; --            ; --          ; --               ;
; SLD_INFO                            ; QSYS_NAME MY_ISSPE HAS_SOPCINFO 1 GENERATION_ID 1729692858              ; --            ; MY_ISSPE    ; --               ;
; SLD_NODE_CREATOR_ID                 ; 110                                                                     ; --            ; --          ; auto_signaltap_0 ;
; SLD_NODE_CREATOR_ID                 ; 3698176                                                                 ; --            ; --          ; LAI_D            ;
; SLD_NODE_ENTITY_NAME                ; sld_signaltap                                                           ; --            ; --          ; auto_signaltap_0 ;
; SLD_NODE_ENTITY_NAME                ; sld_multitap                                                            ; --            ; --          ; LAI_D            ;
; SLD_NODE_PARAMETER_ASSIGNMENT       ; SLD_RAM_BLOCK_TYPE=AUTO                                                 ; --            ; --          ; auto_signaltap_0 ;
; SLD_NODE_PARAMETER_ASSIGNMENT       ; SLD_DATA_BITS=35                                                        ; --            ; --          ; auto_signaltap_0 ;
; SLD_NODE_PARAMETER_ASSIGNMENT       ; SLD_TRIGGER_BITS=35                                                     ; --            ; --          ; auto_signaltap_0 ;
; SLD_NODE_PARAMETER_ASSIGNMENT       ; SLD_STORAGE_QUALIFIER_BITS=35                                           ; --            ; --          ; auto_signaltap_0 ;
; SLD_NODE_PARAMETER_ASSIGNMENT       ; SLD_NODE_INFO=805334528                                                 ; --            ; --          ; auto_signaltap_0 ;
; SLD_NODE_PARAMETER_ASSIGNMENT       ; SLD_POWER_UP_TRIGGER=0                                                  ; --            ; --          ; auto_signaltap_0 ;
; SLD_NODE_PARAMETER_ASSIGNMENT       ; SLD_INVERSION_MASK=000000000000000000000                                ; --            ; --          ; auto_signaltap_0 ;
; SLD_NODE_PARAMETER_ASSIGNMENT       ; SLD_INVERSION_MASK_LENGTH=21                                            ; --            ; --          ; auto_signaltap_0 ;
; SLD_NODE_PARAMETER_ASSIGNMENT       ; SLD_STORAGE_QUALIFIER_INVERSION_MASK_LENGTH=0                           ; --            ; --          ; auto_signaltap_0 ;
; SLD_NODE_PARAMETER_ASSIGNMENT       ; SLD_SEGMENT_SIZE=128                                                    ; --            ; --          ; auto_signaltap_0 ;
; SLD_NODE_PARAMETER_ASSIGNMENT       ; SLD_ATTRIBUTE_MEM_MODE=OFF                                              ; --            ; --          ; auto_signaltap_0 ;
; SLD_NODE_PARAMETER_ASSIGNMENT       ; SLD_STATE_FLOW_USE_GENERATED=0                                          ; --            ; --          ; auto_signaltap_0 ;
; SLD_NODE_PARAMETER_ASSIGNMENT       ; SLD_STATE_BITS=11                                                       ; --            ; --          ; auto_signaltap_0 ;
; SLD_NODE_PARAMETER_ASSIGNMENT       ; SLD_BUFFER_FULL_STOP=1                                                  ; --            ; --          ; auto_signaltap_0 ;
; SLD_NODE_PARAMETER_ASSIGNMENT       ; SLD_CURRENT_RESOURCE_WIDTH=1                                            ; --            ; --          ; auto_signaltap_0 ;
; SLD_NODE_PARAMETER_ASSIGNMENT       ; SLD_INCREMENTAL_ROUTING=1                                               ; --            ; --          ; auto_signaltap_0 ;
; SLD_NODE_PARAMETER_ASSIGNMENT       ; SLD_TRIGGER_LEVEL=1                                                     ; --            ; --          ; auto_signaltap_0 ;
; SLD_NODE_PARAMETER_ASSIGNMENT       ; SLD_SAMPLE_DEPTH=128                                                    ; --            ; --          ; auto_signaltap_0 ;
; SLD_NODE_PARAMETER_ASSIGNMENT       ; SLD_TRIGGER_IN_ENABLED=0                                                ; --            ; --          ; auto_signaltap_0 ;
; SLD_NODE_PARAMETER_ASSIGNMENT       ; SLD_TRIGGER_PIPELINE=0                                                  ; --            ; --          ; auto_signaltap_0 ;
; SLD_NODE_PARAMETER_ASSIGNMENT       ; SLD_RAM_PIPELINE=0                                                      ; --            ; --          ; auto_signaltap_0 ;
; SLD_NODE_PARAMETER_ASSIGNMENT       ; SLD_COUNTER_PIPELINE=0                                                  ; --            ; --          ; auto_signaltap_0 ;
; SLD_NODE_PARAMETER_ASSIGNMENT       ; SLD_ADVANCED_TRIGGER_ENTITY=sld_reserved_Lab_D_auto_signaltap_0_1_54b1, ; --            ; --          ; auto_signaltap_0 ;
; SLD_NODE_PARAMETER_ASSIGNMENT       ; SLD_TRIGGER_LEVEL_PIPELINE=1                                            ; --            ; --          ; auto_signaltap_0 ;
; SLD_NODE_PARAMETER_ASSIGNMENT       ; SLD_ENABLE_ADVANCED_TRIGGER=1                                           ; --            ; --          ; auto_signaltap_0 ;
; SLD_NODE_PARAMETER_ASSIGNMENT       ; SLD_NODE_INFO=3698176                                                   ; --            ; --          ; LAI_D            ;
; SLD_NODE_PARAMETER_ASSIGNMENT       ; SLD_NODE_CRC=15970                                                      ; --            ; --          ; LAI_D            ;
; SLD_NODE_PARAMETER_ASSIGNMENT       ; SLD_BANK_WIDTH=2                                                        ; --            ; --          ; LAI_D            ;
; SLD_NODE_PARAMETER_ASSIGNMENT       ; SLD_BANK_SIZE=2                                                         ; --            ; --          ; LAI_D            ;
; SLD_NODE_PARAMETER_ASSIGNMENT       ; SLD_BANK_SEL_WIDTH=1                                                    ; --            ; --          ; LAI_D            ;
; SLD_NODE_PARAMETER_ASSIGNMENT       ; SLD_POWER_UP_STATE=0                                                    ; --            ; --          ; LAI_D            ;
; SLD_NODE_PARAMETER_ASSIGNMENT       ; SLD_ACQ_MODE=0                                                          ; --            ; --          ; LAI_D            ;
; SOPCINFO_FILE                       ; MY_ISSPE/synthesis/../../MY_ISSPE.sopcinfo                              ; --            ; --          ; --               ;
; SYNTHESIS_ONLY_QIP                  ; On                                                                      ; --            ; --          ; --               ;
; USE_LOGIC_ANALYZER_INTERFACE_FILE   ; Lab_D.lai                                                               ; --            ; --          ; --               ;
; USE_SIGNALTAP_FILE                  ; Lab_D.stp                                                               ; --            ; --          ; --               ;
+-------------------------------------+-------------------------------------------------------------------------+---------------+-------------+------------------+


+--------------------------------------------------------------------------------------------------------------------------+
; Flow Elapsed Time                                                                                                        ;
+----------------------+--------------+-------------------------+---------------------+------------------------------------+
; Module Name          ; Elapsed Time ; Average Processors Used ; Peak Virtual Memory ; Total CPU Time (on all processors) ;
+----------------------+--------------+-------------------------+---------------------+------------------------------------+
; Analysis & Synthesis ; 00:00:27     ; 1.0                     ; 4895 MB             ; 00:00:27                           ;
; Fitter               ; 00:00:06     ; 1.2                     ; 6108 MB             ; 00:00:05                           ;
; Assembler            ; 00:00:02     ; 1.0                     ; 4676 MB             ; 00:00:01                           ;
; Timing Analyzer      ; 00:00:03     ; 1.3                     ; 4875 MB             ; 00:00:02                           ;
; Total                ; 00:00:38     ; --                      ; --                  ; 00:00:35                           ;
+----------------------+--------------+-------------------------+---------------------+------------------------------------+


+------------------------------------------------------------------------------------+
; Flow OS Summary                                                                    ;
+----------------------+------------------+------------+------------+----------------+
; Module Name          ; Machine Hostname ; OS Name    ; OS Version ; Processor type ;
+----------------------+------------------+------------+------------+----------------+
; Analysis & Synthesis ; DESKTOP-K75V9G5  ; Windows 10 ; 10.0       ; x86_64         ;
; Fitter               ; DESKTOP-K75V9G5  ; Windows 10 ; 10.0       ; x86_64         ;
; Assembler            ; DESKTOP-K75V9G5  ; Windows 10 ; 10.0       ; x86_64         ;
; Timing Analyzer      ; DESKTOP-K75V9G5  ; Windows 10 ; 10.0       ; x86_64         ;
+----------------------+------------------+------------+------------+----------------+


------------
; Flow Log ;
------------
quartus_map --read_settings_files=on --write_settings_files=off Lab_D -c Lab_D
quartus_fit --read_settings_files=off --write_settings_files=off Lab_D -c Lab_D
quartus_asm --read_settings_files=off --write_settings_files=off Lab_D -c Lab_D
quartus_sta Lab_D -c Lab_D



