Analysis & Elaboration report for Lab3_1
Sat Nov 30 14:55:34 2024
Quartus Prime Version 18.1.0 Build 625 09/12/2018 SJ Lite Edition


---------------------
; Table of Contents ;
---------------------
  1. Legal Notice
  2. Analysis & Elaboration Summary
  3. Parallel Compilation
  4. Analysis & Elaboration IP Cores Summary
  5. Source assignments for Top-level Entity: |db_Lab3_1
  6. Source assignments for SP_unit:SP_unit_inst|altsource_probe_top:in_system_sources_probes_0|altsource_probe:issp_impl|altsource_probe_body:altsource_probe_body_inst|altsource_probe_impl:\wider_probe_gen:wider_probe_inst
  7. Source assignments for sld_signaltap:ST_unit
  8. Parameter Settings for User Entity Instance: Lab3_1:Lab3_1_inst
  9. Parameter Settings for User Entity Instance: SP_unit:SP_unit_inst|altsource_probe_top:in_system_sources_probes_0
 10. Parameter Settings for User Entity Instance: SP_unit:SP_unit_inst|altsource_probe_top:in_system_sources_probes_0|altsource_probe:issp_impl
 11. Parameter Settings for User Entity Instance: PLL_unit:PLL_unit_inst|altpll:altpll_component
 12. Parameter Settings for Inferred Entity Instance: sld_signaltap:ST_unit
 13. altpll Parameter Settings by Entity Instance
 14. Analysis & Elaboration Settings
 15. Port Connectivity Checks: "PLL_unit:PLL_unit_inst"
 16. Port Connectivity Checks: "SP_unit:SP_unit_inst|altsource_probe_top:in_system_sources_probes_0|altsource_probe:issp_impl"
 17. Port Connectivity Checks: "SP_unit:SP_unit_inst|altsource_probe_top:in_system_sources_probes_0"
 18. Signal Tap Logic Analyzer Settings
 19. Analysis & Elaboration Messages



----------------
; Legal Notice ;
----------------
Copyright (C) 2018  Intel Corporation. All rights reserved.
Your use of Intel Corporation's design tools, logic functions 
and other software and tools, and its AMPP partner logic 
functions, and any output files from any of the foregoing 
(including device programming or simulation files), and any 
associated documentation or information are expressly subject 
to the terms and conditions of the Intel Program License 
Subscription Agreement, the Intel Quartus Prime License Agreement,
the Intel FPGA IP License Agreement, or other applicable license
agreement, including, without limitation, that your use is for
the sole purpose of programming logic devices manufactured by
Intel and sold by Intel or its authorized distributors.  Please
refer to the applicable agreement for further details.



+----------------------------------------------------------------------------------+
; Analysis & Elaboration Summary                                                   ;
+------------------------------------+---------------------------------------------+
; Analysis & Elaboration Status      ; Successful - Sat Nov 30 14:55:34 2024       ;
; Quartus Prime Version              ; 18.1.0 Build 625 09/12/2018 SJ Lite Edition ;
; Revision Name                      ; Lab3_1                                      ;
; Top-level Entity Name              ; db_Lab3_1                                   ;
; Family                             ; Cyclone IV E                                ;
; Total logic elements               ; N/A until Partition Merge                   ;
;     Total combinational functions  ; N/A until Partition Merge                   ;
;     Dedicated logic registers      ; N/A until Partition Merge                   ;
; Total registers                    ; N/A until Partition Merge                   ;
; Total pins                         ; N/A until Partition Merge                   ;
; Total virtual pins                 ; N/A until Partition Merge                   ;
; Total memory bits                  ; N/A until Partition Merge                   ;
; Embedded Multiplier 9-bit elements ; N/A until Partition Merge                   ;
; Total PLLs                         ; N/A until Partition Merge                   ;
+------------------------------------+---------------------------------------------+


+------------------------------------------+
; Parallel Compilation                     ;
+----------------------------+-------------+
; Processors                 ; Number      ;
+----------------------------+-------------+
; Number detected on machine ; 12          ;
; Maximum allowed            ; 12          ;
;                            ;             ;
; Average used               ; 1.00        ;
; Maximum used               ; 1           ;
;                            ;             ;
; Usage by Processor         ; % Time Used ;
;     Processor 1            ; 100.0%      ;
+----------------------------+-------------+


+-----------------------------------------------------------------------------------------------------------------------------------------------------------------------------------------------------------------------------------------------------------------------------------------------------------------------------------------------------------------------------------------------------------+
; Analysis & Elaboration IP Cores Summary                                                                                                                                                                                                                                                                                                                                                                   ;
+--------+---------------------------------+---------+--------------+--------------+------------------------------------------------------------------------------------------------------------------------------------------------------------------------------------------------------------------------------------------------------------------------------------------------------+-----------------+
; Vendor ; IP Core Name                    ; Version ; Release Date ; License Type ; Entity Instance                                                                                                                                                                                                                                                                                      ; IP Include File ;
+--------+---------------------------------+---------+--------------+--------------+------------------------------------------------------------------------------------------------------------------------------------------------------------------------------------------------------------------------------------------------------------------------------------------------------+-----------------+
; Altera ; ALTPLL                          ; 18.1    ; N/A          ; N/A          ; |db_Lab3_1|PLL_unit:PLL_unit_inst                                                                                                                                                                                                                                                                    ; PLL_unit.v      ;
; N/A    ; altera_in_system_sources_probes ; 18.1    ; N/A          ; N/A          ; |db_Lab3_1|SP_unit:SP_unit_inst                                                                                                                                                                                                                                                                      ; SP_unit.qsys    ;
; Altera ; Signal Tap                      ; N/A     ; N/A          ; Licensed     ; |db_Lab3_1|sld_signaltap:ST_unit|sld_signaltap_impl:sld_signaltap_body|sld_signaltap_implb:sld_signaltap_body|sld_ela_control:ela_control|sld_ela_trigger:\multi_level_advanced_trigger_gen:advanced_trigger_wrapper|sld_ela_trigger_1on:auto_generated|sld_reserved_Lab3_1_ST_unit_1_ebfa:mgl_prim1 ;                 ;
; Altera ; Signal Tap                      ; N/A     ; N/A          ; Licensed     ; |db_Lab3_1|sld_hub:auto_hub|alt_sld_fab_with_jtag_input:\instrumentation_fabric_with_node_gen:fabric_gen_new_way:with_jtag_input_gen:instrumentation_fabric|alt_sld_fab:instrumentation_fabric                                                                                                       ;                 ;
; Altera ; Signal Tap                      ; N/A     ; N/A          ; Licensed     ; |db_Lab3_1|sld_hub:auto_hub|alt_sld_fab_with_jtag_input:\instrumentation_fabric_with_node_gen:fabric_gen_new_way:with_jtag_input_gen:instrumentation_fabric|alt_sld_fab:instrumentation_fabric|alt_sld_fab_alt_sld_fab:alt_sld_fab                                                                   ;                 ;
; Altera ; Signal Tap                      ; N/A     ; N/A          ; Licensed     ; |db_Lab3_1|sld_hub:auto_hub|alt_sld_fab_with_jtag_input:\instrumentation_fabric_with_node_gen:fabric_gen_new_way:with_jtag_input_gen:instrumentation_fabric|alt_sld_fab:instrumentation_fabric|alt_sld_fab_alt_sld_fab:alt_sld_fab|alt_sld_fab_alt_sld_fab_presplit:presplit                         ;                 ;
; Altera ; Signal Tap                      ; N/A     ; N/A          ; Licensed     ; |db_Lab3_1|sld_hub:auto_hub|alt_sld_fab_with_jtag_input:\instrumentation_fabric_with_node_gen:fabric_gen_new_way:with_jtag_input_gen:instrumentation_fabric|alt_sld_fab:instrumentation_fabric|alt_sld_fab_alt_sld_fab:alt_sld_fab|alt_sld_fab_alt_sld_fab_sldfabric:sldfabric                       ;                 ;
; Altera ; Signal Tap                      ; N/A     ; N/A          ; Licensed     ; |db_Lab3_1|sld_hub:auto_hub|alt_sld_fab_with_jtag_input:\instrumentation_fabric_with_node_gen:fabric_gen_new_way:with_jtag_input_gen:instrumentation_fabric|alt_sld_fab:instrumentation_fabric|alt_sld_fab_alt_sld_fab:alt_sld_fab|alt_sld_fab_alt_sld_fab_splitter:splitter                         ;                 ;
+--------+---------------------------------+---------+--------------+--------------+------------------------------------------------------------------------------------------------------------------------------------------------------------------------------------------------------------------------------------------------------------------------------------------------------+-----------------+


+-----------------------------------------------------+
; Source assignments for Top-level Entity: |db_Lab3_1 ;
+-------------+--------------+------+-----------------+
; Assignment  ; Value        ; From ; To              ;
+-------------+--------------+------+-----------------+
; IO_STANDARD ; 3.3-V LVCMOS ; -    ; CLK             ;
; LOCATION    ; Pin_23       ; -    ; CLK             ;
+-------------+--------------+------+-----------------+


+----------------------------------------------------------------------------------------------------------------------------------------------------------------------------------------------------------------------------+
; Source assignments for SP_unit:SP_unit_inst|altsource_probe_top:in_system_sources_probes_0|altsource_probe:issp_impl|altsource_probe_body:altsource_probe_body_inst|altsource_probe_impl:\wider_probe_gen:wider_probe_inst ;
+---------------------------------+------------------------+------+----------------------------------------------------------------------------------------------------------------------------------------------------------+
; Assignment                      ; Value                  ; From ; To                                                                                                                                                       ;
+---------------------------------+------------------------+------+----------------------------------------------------------------------------------------------------------------------------------------------------------+
; NOT_GATE_PUSH_BACK              ; OFF                    ; -    ; -                                                                                                                                                        ;
; POWER_UP_LEVEL                  ; LOW                    ; -    ; -                                                                                                                                                        ;
; AUTO_SHIFT_REGISTER_RECOGNITION ; OFF                    ; -    ; -                                                                                                                                                        ;
; SYNCHRONIZER_IDENTIFICATION     ; FORCED_IF_ASYNCHRONOUS ; -    ; metastable_l2_reg[0]                                                                                                                                     ;
; AUTO_CLOCK_ENABLE_RECOGNITION   ; OFF                    ; -    ; hold_reg[1]                                                                                                                                              ;
; AUTO_CLOCK_ENABLE_RECOGNITION   ; OFF                    ; -    ; hold_reg[0]                                                                                                                                              ;
; SYNCHRONIZER_IDENTIFICATION     ; FORCED_IF_ASYNCHRONOUS ; -    ; metastable_l2_reg[1]                                                                                                                                     ;
; SYNCHRONIZER_IDENTIFICATION     ; FORCED_IF_ASYNCHRONOUS ; -    ; metastable_l1_reg[0]                                                                                                                                     ;
; SYNCHRONIZER_IDENTIFICATION     ; FORCED_IF_ASYNCHRONOUS ; -    ; metastable_l1_reg[1]                                                                                                                                     ;
+---------------------------------+------------------------+------+----------------------------------------------------------------------------------------------------------------------------------------------------------+


+----------------------------------------------+
; Source assignments for sld_signaltap:ST_unit ;
+-----------------+-------+------+-------------+
; Assignment      ; Value ; From ; To          ;
+-----------------+-------+------+-------------+
; MESSAGE_DISABLE ; 13410 ; -    ; -           ;
+-----------------+-------+------+-------------+


+-----------------------------------------------------------------+
; Parameter Settings for User Entity Instance: Lab3_1:Lab3_1_inst ;
+----------------+---------------------------+--------------------+
; Parameter Name ; Value                     ; Type               ;
+----------------+---------------------------+--------------------+
; div_par        ; 1011111010111100001000000 ; Unsigned Binary    ;
+----------------+---------------------------+--------------------+
Note: In order to hide this table in the UI and the text report file, please set the "Show Parameter Settings in Synthesis Report" option in "Analysis and Synthesis Settings -> More Settings" to "Off".


+------------------------------------------------------------------------------------------------------------------+
; Parameter Settings for User Entity Instance: SP_unit:SP_unit_inst|altsource_probe_top:in_system_sources_probes_0 ;
+-------------------------+-----------------+----------------------------------------------------------------------+
; Parameter Name          ; Value           ; Type                                                                 ;
+-------------------------+-----------------+----------------------------------------------------------------------+
; lpm_type                ; altsource_probe ; String                                                               ;
; lpm_hint                ; UNUSED          ; String                                                               ;
; sld_auto_instance_index ; YES             ; String                                                               ;
; sld_instance_index      ; 0               ; Signed Integer                                                       ;
; sld_node_info_parameter ; 4746752         ; Signed Integer                                                       ;
; sld_ir_width            ; 4               ; Signed Integer                                                       ;
; instance_id             ; SP_             ; String                                                               ;
; probe_width             ; 11              ; Signed Integer                                                       ;
; source_width            ; 2               ; Signed Integer                                                       ;
; source_initial_value    ; 0               ; String                                                               ;
; enable_metastability    ; YES             ; String                                                               ;
+-------------------------+-----------------+----------------------------------------------------------------------+
Note: In order to hide this table in the UI and the text report file, please set the "Show Parameter Settings in Synthesis Report" option in "Analysis and Synthesis Settings -> More Settings" to "Off".


+--------------------------------------------------------------------------------------------------------------------------------------------+
; Parameter Settings for User Entity Instance: SP_unit:SP_unit_inst|altsource_probe_top:in_system_sources_probes_0|altsource_probe:issp_impl ;
+-------------------------+-----------------+------------------------------------------------------------------------------------------------+
; Parameter Name          ; Value           ; Type                                                                                           ;
+-------------------------+-----------------+------------------------------------------------------------------------------------------------+
; lpm_type                ; altsource_probe ; String                                                                                         ;
; lpm_hint                ; UNUSED          ; String                                                                                         ;
; sld_auto_instance_index ; YES             ; String                                                                                         ;
; sld_instance_index      ; 0               ; Signed Integer                                                                                 ;
; SLD_NODE_INFO           ; 4746752         ; Signed Integer                                                                                 ;
; sld_ir_width            ; 4               ; Signed Integer                                                                                 ;
; instance_id             ; SP_             ; String                                                                                         ;
; probe_width             ; 11              ; Signed Integer                                                                                 ;
; source_width            ; 2               ; Signed Integer                                                                                 ;
; source_initial_value    ; 0               ; String                                                                                         ;
; enable_metastability    ; YES             ; String                                                                                         ;
+-------------------------+-----------------+------------------------------------------------------------------------------------------------+
Note: In order to hide this table in the UI and the text report file, please set the "Show Parameter Settings in Synthesis Report" option in "Analysis and Synthesis Settings -> More Settings" to "Off".


+---------------------------------------------------------------------------------------------+
; Parameter Settings for User Entity Instance: PLL_unit:PLL_unit_inst|altpll:altpll_component ;
+-------------------------------+----------------------------+--------------------------------+
; Parameter Name                ; Value                      ; Type                           ;
+-------------------------------+----------------------------+--------------------------------+
; OPERATION_MODE                ; NORMAL                     ; Untyped                        ;
; PLL_TYPE                      ; AUTO                       ; Untyped                        ;
; LPM_HINT                      ; CBX_MODULE_PREFIX=PLL_unit ; Untyped                        ;
; QUALIFY_CONF_DONE             ; OFF                        ; Untyped                        ;
; COMPENSATE_CLOCK              ; CLK0                       ; Untyped                        ;
; SCAN_CHAIN                    ; LONG                       ; Untyped                        ;
; PRIMARY_CLOCK                 ; INCLK0                     ; Untyped                        ;
; INCLK0_INPUT_FREQUENCY        ; 40000                      ; Signed Integer                 ;
; INCLK1_INPUT_FREQUENCY        ; 0                          ; Untyped                        ;
; GATE_LOCK_SIGNAL              ; NO                         ; Untyped                        ;
; GATE_LOCK_COUNTER             ; 0                          ; Untyped                        ;
; LOCK_HIGH                     ; 1                          ; Untyped                        ;
; LOCK_LOW                      ; 1                          ; Untyped                        ;
; VALID_LOCK_MULTIPLIER         ; 1                          ; Untyped                        ;
; INVALID_LOCK_MULTIPLIER       ; 5                          ; Untyped                        ;
; SWITCH_OVER_ON_LOSSCLK        ; OFF                        ; Untyped                        ;
; SWITCH_OVER_ON_GATED_LOCK     ; OFF                        ; Untyped                        ;
; ENABLE_SWITCH_OVER_COUNTER    ; OFF                        ; Untyped                        ;
; SKIP_VCO                      ; OFF                        ; Untyped                        ;
; SWITCH_OVER_COUNTER           ; 0                          ; Untyped                        ;
; SWITCH_OVER_TYPE              ; AUTO                       ; Untyped                        ;
; FEEDBACK_SOURCE               ; EXTCLK0                    ; Untyped                        ;
; BANDWIDTH                     ; 0                          ; Untyped                        ;
; BANDWIDTH_TYPE                ; AUTO                       ; Untyped                        ;
; SPREAD_FREQUENCY              ; 0                          ; Untyped                        ;
; DOWN_SPREAD                   ; 0                          ; Untyped                        ;
; SELF_RESET_ON_GATED_LOSS_LOCK ; OFF                        ; Untyped                        ;
; SELF_RESET_ON_LOSS_LOCK       ; OFF                        ; Untyped                        ;
; CLK9_MULTIPLY_BY              ; 0                          ; Untyped                        ;
; CLK8_MULTIPLY_BY              ; 0                          ; Untyped                        ;
; CLK7_MULTIPLY_BY              ; 0                          ; Untyped                        ;
; CLK6_MULTIPLY_BY              ; 0                          ; Untyped                        ;
; CLK5_MULTIPLY_BY              ; 1                          ; Untyped                        ;
; CLK4_MULTIPLY_BY              ; 1                          ; Untyped                        ;
; CLK3_MULTIPLY_BY              ; 1                          ; Untyped                        ;
; CLK2_MULTIPLY_BY              ; 1                          ; Untyped                        ;
; CLK1_MULTIPLY_BY              ; 1                          ; Untyped                        ;
; CLK0_MULTIPLY_BY              ; 2                          ; Signed Integer                 ;
; CLK9_DIVIDE_BY                ; 0                          ; Untyped                        ;
; CLK8_DIVIDE_BY                ; 0                          ; Untyped                        ;
; CLK7_DIVIDE_BY                ; 0                          ; Untyped                        ;
; CLK6_DIVIDE_BY                ; 0                          ; Untyped                        ;
; CLK5_DIVIDE_BY                ; 1                          ; Untyped                        ;
; CLK4_DIVIDE_BY                ; 1                          ; Untyped                        ;
; CLK3_DIVIDE_BY                ; 1                          ; Untyped                        ;
; CLK2_DIVIDE_BY                ; 1                          ; Untyped                        ;
; CLK1_DIVIDE_BY                ; 1                          ; Untyped                        ;
; CLK0_DIVIDE_BY                ; 1                          ; Signed Integer                 ;
; CLK9_PHASE_SHIFT              ; 0                          ; Untyped                        ;
; CLK8_PHASE_SHIFT              ; 0                          ; Untyped                        ;
; CLK7_PHASE_SHIFT              ; 0                          ; Untyped                        ;
; CLK6_PHASE_SHIFT              ; 0                          ; Untyped                        ;
; CLK5_PHASE_SHIFT              ; 0                          ; Untyped                        ;
; CLK4_PHASE_SHIFT              ; 0                          ; Untyped                        ;
; CLK3_PHASE_SHIFT              ; 0                          ; Untyped                        ;
; CLK2_PHASE_SHIFT              ; 0                          ; Untyped                        ;
; CLK1_PHASE_SHIFT              ; 0                          ; Untyped                        ;
; CLK0_PHASE_SHIFT              ; 0                          ; Untyped                        ;
; CLK5_TIME_DELAY               ; 0                          ; Untyped                        ;
; CLK4_TIME_DELAY               ; 0                          ; Untyped                        ;
; CLK3_TIME_DELAY               ; 0                          ; Untyped                        ;
; CLK2_TIME_DELAY               ; 0                          ; Untyped                        ;
; CLK1_TIME_DELAY               ; 0                          ; Untyped                        ;
; CLK0_TIME_DELAY               ; 0                          ; Untyped                        ;
; CLK9_DUTY_CYCLE               ; 50                         ; Untyped                        ;
; CLK8_DUTY_CYCLE               ; 50                         ; Untyped                        ;
; CLK7_DUTY_CYCLE               ; 50                         ; Untyped                        ;
; CLK6_DUTY_CYCLE               ; 50                         ; Untyped                        ;
; CLK5_DUTY_CYCLE               ; 50                         ; Untyped                        ;
; CLK4_DUTY_CYCLE               ; 50                         ; Untyped                        ;
; CLK3_DUTY_CYCLE               ; 50                         ; Untyped                        ;
; CLK2_DUTY_CYCLE               ; 50                         ; Untyped                        ;
; CLK1_DUTY_CYCLE               ; 50                         ; Untyped                        ;
; CLK0_DUTY_CYCLE               ; 50                         ; Signed Integer                 ;
; CLK9_USE_EVEN_COUNTER_MODE    ; OFF                        ; Untyped                        ;
; CLK8_USE_EVEN_COUNTER_MODE    ; OFF                        ; Untyped                        ;
; CLK7_USE_EVEN_COUNTER_MODE    ; OFF                        ; Untyped                        ;
; CLK6_USE_EVEN_COUNTER_MODE    ; OFF                        ; Untyped                        ;
; CLK5_USE_EVEN_COUNTER_MODE    ; OFF                        ; Untyped                        ;
; CLK4_USE_EVEN_COUNTER_MODE    ; OFF                        ; Untyped                        ;
; CLK3_USE_EVEN_COUNTER_MODE    ; OFF                        ; Untyped                        ;
; CLK2_USE_EVEN_COUNTER_MODE    ; OFF                        ; Untyped                        ;
; CLK1_USE_EVEN_COUNTER_MODE    ; OFF                        ; Untyped                        ;
; CLK0_USE_EVEN_COUNTER_MODE    ; OFF                        ; Untyped                        ;
; CLK9_USE_EVEN_COUNTER_VALUE   ; OFF                        ; Untyped                        ;
; CLK8_USE_EVEN_COUNTER_VALUE   ; OFF                        ; Untyped                        ;
; CLK7_USE_EVEN_COUNTER_VALUE   ; OFF                        ; Untyped                        ;
; CLK6_USE_EVEN_COUNTER_VALUE   ; OFF                        ; Untyped                        ;
; CLK5_USE_EVEN_COUNTER_VALUE   ; OFF                        ; Untyped                        ;
; CLK4_USE_EVEN_COUNTER_VALUE   ; OFF                        ; Untyped                        ;
; CLK3_USE_EVEN_COUNTER_VALUE   ; OFF                        ; Untyped                        ;
; CLK2_USE_EVEN_COUNTER_VALUE   ; OFF                        ; Untyped                        ;
; CLK1_USE_EVEN_COUNTER_VALUE   ; OFF                        ; Untyped                        ;
; CLK0_USE_EVEN_COUNTER_VALUE   ; OFF                        ; Untyped                        ;
; LOCK_WINDOW_UI                ;  0.05                      ; Untyped                        ;
; LOCK_WINDOW_UI_BITS           ; UNUSED                     ; Untyped                        ;
; VCO_RANGE_DETECTOR_LOW_BITS   ; UNUSED                     ; Untyped                        ;
; VCO_RANGE_DETECTOR_HIGH_BITS  ; UNUSED                     ; Untyped                        ;
; DPA_MULTIPLY_BY               ; 0                          ; Untyped                        ;
; DPA_DIVIDE_BY                 ; 1                          ; Untyped                        ;
; DPA_DIVIDER                   ; 0                          ; Untyped                        ;
; EXTCLK3_MULTIPLY_BY           ; 1                          ; Untyped                        ;
; EXTCLK2_MULTIPLY_BY           ; 1                          ; Untyped                        ;
; EXTCLK1_MULTIPLY_BY           ; 1                          ; Untyped                        ;
; EXTCLK0_MULTIPLY_BY           ; 1                          ; Untyped                        ;
; EXTCLK3_DIVIDE_BY             ; 1                          ; Untyped                        ;
; EXTCLK2_DIVIDE_BY             ; 1                          ; Untyped                        ;
; EXTCLK1_DIVIDE_BY             ; 1                          ; Untyped                        ;
; EXTCLK0_DIVIDE_BY             ; 1                          ; Untyped                        ;
; EXTCLK3_PHASE_SHIFT           ; 0                          ; Untyped                        ;
; EXTCLK2_PHASE_SHIFT           ; 0                          ; Untyped                        ;
; EXTCLK1_PHASE_SHIFT           ; 0                          ; Untyped                        ;
; EXTCLK0_PHASE_SHIFT           ; 0                          ; Untyped                        ;
; EXTCLK3_TIME_DELAY            ; 0                          ; Untyped                        ;
; EXTCLK2_TIME_DELAY            ; 0                          ; Untyped                        ;
; EXTCLK1_TIME_DELAY            ; 0                          ; Untyped                        ;
; EXTCLK0_TIME_DELAY            ; 0                          ; Untyped                        ;
; EXTCLK3_DUTY_CYCLE            ; 50                         ; Untyped                        ;
; EXTCLK2_DUTY_CYCLE            ; 50                         ; Untyped                        ;
; EXTCLK1_DUTY_CYCLE            ; 50                         ; Untyped                        ;
; EXTCLK0_DUTY_CYCLE            ; 50                         ; Untyped                        ;
; VCO_MULTIPLY_BY               ; 0                          ; Untyped                        ;
; VCO_DIVIDE_BY                 ; 0                          ; Untyped                        ;
; SCLKOUT0_PHASE_SHIFT          ; 0                          ; Untyped                        ;
; SCLKOUT1_PHASE_SHIFT          ; 0                          ; Untyped                        ;
; VCO_MIN                       ; 0                          ; Untyped                        ;
; VCO_MAX                       ; 0                          ; Untyped                        ;
; VCO_CENTER                    ; 0                          ; Untyped                        ;
; PFD_MIN                       ; 0                          ; Untyped                        ;
; PFD_MAX                       ; 0                          ; Untyped                        ;
; M_INITIAL                     ; 0                          ; Untyped                        ;
; M                             ; 0                          ; Untyped                        ;
; N                             ; 1                          ; Untyped                        ;
; M2                            ; 1                          ; Untyped                        ;
; N2                            ; 1                          ; Untyped                        ;
; SS                            ; 1                          ; Untyped                        ;
; C0_HIGH                       ; 0                          ; Untyped                        ;
; C1_HIGH                       ; 0                          ; Untyped                        ;
; C2_HIGH                       ; 0                          ; Untyped                        ;
; C3_HIGH                       ; 0                          ; Untyped                        ;
; C4_HIGH                       ; 0                          ; Untyped                        ;
; C5_HIGH                       ; 0                          ; Untyped                        ;
; C6_HIGH                       ; 0                          ; Untyped                        ;
; C7_HIGH                       ; 0                          ; Untyped                        ;
; C8_HIGH                       ; 0                          ; Untyped                        ;
; C9_HIGH                       ; 0                          ; Untyped                        ;
; C0_LOW                        ; 0                          ; Untyped                        ;
; C1_LOW                        ; 0                          ; Untyped                        ;
; C2_LOW                        ; 0                          ; Untyped                        ;
; C3_LOW                        ; 0                          ; Untyped                        ;
; C4_LOW                        ; 0                          ; Untyped                        ;
; C5_LOW                        ; 0                          ; Untyped                        ;
; C6_LOW                        ; 0                          ; Untyped                        ;
; C7_LOW                        ; 0                          ; Untyped                        ;
; C8_LOW                        ; 0                          ; Untyped                        ;
; C9_LOW                        ; 0                          ; Untyped                        ;
; C0_INITIAL                    ; 0                          ; Untyped                        ;
; C1_INITIAL                    ; 0                          ; Untyped                        ;
; C2_INITIAL                    ; 0                          ; Untyped                        ;
; C3_INITIAL                    ; 0                          ; Untyped                        ;
; C4_INITIAL                    ; 0                          ; Untyped                        ;
; C5_INITIAL                    ; 0                          ; Untyped                        ;
; C6_INITIAL                    ; 0                          ; Untyped                        ;
; C7_INITIAL                    ; 0                          ; Untyped                        ;
; C8_INITIAL                    ; 0                          ; Untyped                        ;
; C9_INITIAL                    ; 0                          ; Untyped                        ;
; C0_MODE                       ; BYPASS                     ; Untyped                        ;
; C1_MODE                       ; BYPASS                     ; Untyped                        ;
; C2_MODE                       ; BYPASS                     ; Untyped                        ;
; C3_MODE                       ; BYPASS                     ; Untyped                        ;
; C4_MODE                       ; BYPASS                     ; Untyped                        ;
; C5_MODE                       ; BYPASS                     ; Untyped                        ;
; C6_MODE                       ; BYPASS                     ; Untyped                        ;
; C7_MODE                       ; BYPASS                     ; Untyped                        ;
; C8_MODE                       ; BYPASS                     ; Untyped                        ;
; C9_MODE                       ; BYPASS                     ; Untyped                        ;
; C0_PH                         ; 0                          ; Untyped                        ;
; C1_PH                         ; 0                          ; Untyped                        ;
; C2_PH                         ; 0                          ; Untyped                        ;
; C3_PH                         ; 0                          ; Untyped                        ;
; C4_PH                         ; 0                          ; Untyped                        ;
; C5_PH                         ; 0                          ; Untyped                        ;
; C6_PH                         ; 0                          ; Untyped                        ;
; C7_PH                         ; 0                          ; Untyped                        ;
; C8_PH                         ; 0                          ; Untyped                        ;
; C9_PH                         ; 0                          ; Untyped                        ;
; L0_HIGH                       ; 1                          ; Untyped                        ;
; L1_HIGH                       ; 1                          ; Untyped                        ;
; G0_HIGH                       ; 1                          ; Untyped                        ;
; G1_HIGH                       ; 1                          ; Untyped                        ;
; G2_HIGH                       ; 1                          ; Untyped                        ;
; G3_HIGH                       ; 1                          ; Untyped                        ;
; E0_HIGH                       ; 1                          ; Untyped                        ;
; E1_HIGH                       ; 1                          ; Untyped                        ;
; E2_HIGH                       ; 1                          ; Untyped                        ;
; E3_HIGH                       ; 1                          ; Untyped                        ;
; L0_LOW                        ; 1                          ; Untyped                        ;
; L1_LOW                        ; 1                          ; Untyped                        ;
; G0_LOW                        ; 1                          ; Untyped                        ;
; G1_LOW                        ; 1                          ; Untyped                        ;
; G2_LOW                        ; 1                          ; Untyped                        ;
; G3_LOW                        ; 1                          ; Untyped                        ;
; E0_LOW                        ; 1                          ; Untyped                        ;
; E1_LOW                        ; 1                          ; Untyped                        ;
; E2_LOW                        ; 1                          ; Untyped                        ;
; E3_LOW                        ; 1                          ; Untyped                        ;
; L0_INITIAL                    ; 1                          ; Untyped                        ;
; L1_INITIAL                    ; 1                          ; Untyped                        ;
; G0_INITIAL                    ; 1                          ; Untyped                        ;
; G1_INITIAL                    ; 1                          ; Untyped                        ;
; G2_INITIAL                    ; 1                          ; Untyped                        ;
; G3_INITIAL                    ; 1                          ; Untyped                        ;
; E0_INITIAL                    ; 1                          ; Untyped                        ;
; E1_INITIAL                    ; 1                          ; Untyped                        ;
; E2_INITIAL                    ; 1                          ; Untyped                        ;
; E3_INITIAL                    ; 1                          ; Untyped                        ;
; L0_MODE                       ; BYPASS                     ; Untyped                        ;
; L1_MODE                       ; BYPASS                     ; Untyped                        ;
; G0_MODE                       ; BYPASS                     ; Untyped                        ;
; G1_MODE                       ; BYPASS                     ; Untyped                        ;
; G2_MODE                       ; BYPASS                     ; Untyped                        ;
; G3_MODE                       ; BYPASS                     ; Untyped                        ;
; E0_MODE                       ; BYPASS                     ; Untyped                        ;
; E1_MODE                       ; BYPASS                     ; Untyped                        ;
; E2_MODE                       ; BYPASS                     ; Untyped                        ;
; E3_MODE                       ; BYPASS                     ; Untyped                        ;
; L0_PH                         ; 0                          ; Untyped                        ;
; L1_PH                         ; 0                          ; Untyped                        ;
; G0_PH                         ; 0                          ; Untyped                        ;
; G1_PH                         ; 0                          ; Untyped                        ;
; G2_PH                         ; 0                          ; Untyped                        ;
; G3_PH                         ; 0                          ; Untyped                        ;
; E0_PH                         ; 0                          ; Untyped                        ;
; E1_PH                         ; 0                          ; Untyped                        ;
; E2_PH                         ; 0                          ; Untyped                        ;
; E3_PH                         ; 0                          ; Untyped                        ;
; M_PH                          ; 0                          ; Untyped                        ;
; C1_USE_CASC_IN                ; OFF                        ; Untyped                        ;
; C2_USE_CASC_IN                ; OFF                        ; Untyped                        ;
; C3_USE_CASC_IN                ; OFF                        ; Untyped                        ;
; C4_USE_CASC_IN                ; OFF                        ; Untyped                        ;
; C5_USE_CASC_IN                ; OFF                        ; Untyped                        ;
; C6_USE_CASC_IN                ; OFF                        ; Untyped                        ;
; C7_USE_CASC_IN                ; OFF                        ; Untyped                        ;
; C8_USE_CASC_IN                ; OFF                        ; Untyped                        ;
; C9_USE_CASC_IN                ; OFF                        ; Untyped                        ;
; CLK0_COUNTER                  ; G0                         ; Untyped                        ;
; CLK1_COUNTER                  ; G0                         ; Untyped                        ;
; CLK2_COUNTER                  ; G0                         ; Untyped                        ;
; CLK3_COUNTER                  ; G0                         ; Untyped                        ;
; CLK4_COUNTER                  ; G0                         ; Untyped                        ;
; CLK5_COUNTER                  ; G0                         ; Untyped                        ;
; CLK6_COUNTER                  ; E0                         ; Untyped                        ;
; CLK7_COUNTER                  ; E1                         ; Untyped                        ;
; CLK8_COUNTER                  ; E2                         ; Untyped                        ;
; CLK9_COUNTER                  ; E3                         ; Untyped                        ;
; L0_TIME_DELAY                 ; 0                          ; Untyped                        ;
; L1_TIME_DELAY                 ; 0                          ; Untyped                        ;
; G0_TIME_DELAY                 ; 0                          ; Untyped                        ;
; G1_TIME_DELAY                 ; 0                          ; Untyped                        ;
; G2_TIME_DELAY                 ; 0                          ; Untyped                        ;
; G3_TIME_DELAY                 ; 0                          ; Untyped                        ;
; E0_TIME_DELAY                 ; 0                          ; Untyped                        ;
; E1_TIME_DELAY                 ; 0                          ; Untyped                        ;
; E2_TIME_DELAY                 ; 0                          ; Untyped                        ;
; E3_TIME_DELAY                 ; 0                          ; Untyped                        ;
; M_TIME_DELAY                  ; 0                          ; Untyped                        ;
; N_TIME_DELAY                  ; 0                          ; Untyped                        ;
; EXTCLK3_COUNTER               ; E3                         ; Untyped                        ;
; EXTCLK2_COUNTER               ; E2                         ; Untyped                        ;
; EXTCLK1_COUNTER               ; E1                         ; Untyped                        ;
; EXTCLK0_COUNTER               ; E0                         ; Untyped                        ;
; ENABLE0_COUNTER               ; L0                         ; Untyped                        ;
; ENABLE1_COUNTER               ; L0                         ; Untyped                        ;
; CHARGE_PUMP_CURRENT           ; 2                          ; Untyped                        ;
; LOOP_FILTER_R                 ;  1.000000                  ; Untyped                        ;
; LOOP_FILTER_C                 ; 5                          ; Untyped                        ;
; CHARGE_PUMP_CURRENT_BITS      ; 9999                       ; Untyped                        ;
; LOOP_FILTER_R_BITS            ; 9999                       ; Untyped                        ;
; LOOP_FILTER_C_BITS            ; 9999                       ; Untyped                        ;
; VCO_POST_SCALE                ; 0                          ; Untyped                        ;
; CLK2_OUTPUT_FREQUENCY         ; 0                          ; Untyped                        ;
; CLK1_OUTPUT_FREQUENCY         ; 0                          ; Untyped                        ;
; CLK0_OUTPUT_FREQUENCY         ; 0                          ; Untyped                        ;
; INTENDED_DEVICE_FAMILY        ; Cyclone IV E               ; Untyped                        ;
; PORT_CLKENA0                  ; PORT_UNUSED                ; Untyped                        ;
; PORT_CLKENA1                  ; PORT_UNUSED                ; Untyped                        ;
; PORT_CLKENA2                  ; PORT_UNUSED                ; Untyped                        ;
; PORT_CLKENA3                  ; PORT_UNUSED                ; Untyped                        ;
; PORT_CLKENA4                  ; PORT_UNUSED                ; Untyped                        ;
; PORT_CLKENA5                  ; PORT_UNUSED                ; Untyped                        ;
; PORT_EXTCLKENA0               ; PORT_CONNECTIVITY          ; Untyped                        ;
; PORT_EXTCLKENA1               ; PORT_CONNECTIVITY          ; Untyped                        ;
; PORT_EXTCLKENA2               ; PORT_CONNECTIVITY          ; Untyped                        ;
; PORT_EXTCLKENA3               ; PORT_CONNECTIVITY          ; Untyped                        ;
; PORT_EXTCLK0                  ; PORT_UNUSED                ; Untyped                        ;
; PORT_EXTCLK1                  ; PORT_UNUSED                ; Untyped                        ;
; PORT_EXTCLK2                  ; PORT_UNUSED                ; Untyped                        ;
; PORT_EXTCLK3                  ; PORT_UNUSED                ; Untyped                        ;
; PORT_CLKBAD0                  ; PORT_UNUSED                ; Untyped                        ;
; PORT_CLKBAD1                  ; PORT_UNUSED                ; Untyped                        ;
; PORT_CLK0                     ; PORT_USED                  ; Untyped                        ;
; PORT_CLK1                     ; PORT_UNUSED                ; Untyped                        ;
; PORT_CLK2                     ; PORT_UNUSED                ; Untyped                        ;
; PORT_CLK3                     ; PORT_UNUSED                ; Untyped                        ;
; PORT_CLK4                     ; PORT_UNUSED                ; Untyped                        ;
; PORT_CLK5                     ; PORT_UNUSED                ; Untyped                        ;
; PORT_CLK6                     ; PORT_UNUSED                ; Untyped                        ;
; PORT_CLK7                     ; PORT_UNUSED                ; Untyped                        ;
; PORT_CLK8                     ; PORT_UNUSED                ; Untyped                        ;
; PORT_CLK9                     ; PORT_UNUSED                ; Untyped                        ;
; PORT_SCANDATA                 ; PORT_UNUSED                ; Untyped                        ;
; PORT_SCANDATAOUT              ; PORT_UNUSED                ; Untyped                        ;
; PORT_SCANDONE                 ; PORT_UNUSED                ; Untyped                        ;
; PORT_SCLKOUT1                 ; PORT_CONNECTIVITY          ; Untyped                        ;
; PORT_SCLKOUT0                 ; PORT_CONNECTIVITY          ; Untyped                        ;
; PORT_ACTIVECLOCK              ; PORT_UNUSED                ; Untyped                        ;
; PORT_CLKLOSS                  ; PORT_UNUSED                ; Untyped                        ;
; PORT_INCLK1                   ; PORT_UNUSED                ; Untyped                        ;
; PORT_INCLK0                   ; PORT_USED                  ; Untyped                        ;
; PORT_FBIN                     ; PORT_UNUSED                ; Untyped                        ;
; PORT_PLLENA                   ; PORT_UNUSED                ; Untyped                        ;
; PORT_CLKSWITCH                ; PORT_UNUSED                ; Untyped                        ;
; PORT_ARESET                   ; PORT_UNUSED                ; Untyped                        ;
; PORT_PFDENA                   ; PORT_UNUSED                ; Untyped                        ;
; PORT_SCANCLK                  ; PORT_UNUSED                ; Untyped                        ;
; PORT_SCANACLR                 ; PORT_UNUSED                ; Untyped                        ;
; PORT_SCANREAD                 ; PORT_UNUSED                ; Untyped                        ;
; PORT_SCANWRITE                ; PORT_UNUSED                ; Untyped                        ;
; PORT_ENABLE0                  ; PORT_CONNECTIVITY          ; Untyped                        ;
; PORT_ENABLE1                  ; PORT_CONNECTIVITY          ; Untyped                        ;
; PORT_LOCKED                   ; PORT_UNUSED                ; Untyped                        ;
; PORT_CONFIGUPDATE             ; PORT_UNUSED                ; Untyped                        ;
; PORT_FBOUT                    ; PORT_CONNECTIVITY          ; Untyped                        ;
; PORT_PHASEDONE                ; PORT_UNUSED                ; Untyped                        ;
; PORT_PHASESTEP                ; PORT_UNUSED                ; Untyped                        ;
; PORT_PHASEUPDOWN              ; PORT_UNUSED                ; Untyped                        ;
; PORT_SCANCLKENA               ; PORT_UNUSED                ; Untyped                        ;
; PORT_PHASECOUNTERSELECT       ; PORT_UNUSED                ; Untyped                        ;
; PORT_VCOOVERRANGE             ; PORT_CONNECTIVITY          ; Untyped                        ;
; PORT_VCOUNDERRANGE            ; PORT_CONNECTIVITY          ; Untyped                        ;
; M_TEST_SOURCE                 ; 5                          ; Untyped                        ;
; C0_TEST_SOURCE                ; 5                          ; Untyped                        ;
; C1_TEST_SOURCE                ; 5                          ; Untyped                        ;
; C2_TEST_SOURCE                ; 5                          ; Untyped                        ;
; C3_TEST_SOURCE                ; 5                          ; Untyped                        ;
; C4_TEST_SOURCE                ; 5                          ; Untyped                        ;
; C5_TEST_SOURCE                ; 5                          ; Untyped                        ;
; C6_TEST_SOURCE                ; 5                          ; Untyped                        ;
; C7_TEST_SOURCE                ; 5                          ; Untyped                        ;
; C8_TEST_SOURCE                ; 5                          ; Untyped                        ;
; C9_TEST_SOURCE                ; 5                          ; Untyped                        ;
; CBXI_PARAMETER                ; PLL_unit_altpll            ; Untyped                        ;
; VCO_FREQUENCY_CONTROL         ; AUTO                       ; Untyped                        ;
; VCO_PHASE_SHIFT_STEP          ; 0                          ; Untyped                        ;
; WIDTH_CLOCK                   ; 5                          ; Signed Integer                 ;
; WIDTH_PHASECOUNTERSELECT      ; 4                          ; Untyped                        ;
; USING_FBMIMICBIDIR_PORT       ; OFF                        ; Untyped                        ;
; DEVICE_FAMILY                 ; Cyclone IV E               ; Untyped                        ;
; SCAN_CHAIN_MIF_FILE           ; UNUSED                     ; Untyped                        ;
; SIM_GATE_LOCK_DEVICE_BEHAVIOR ; OFF                        ; Untyped                        ;
; AUTO_CARRY_CHAINS             ; ON                         ; AUTO_CARRY                     ;
; IGNORE_CARRY_BUFFERS          ; OFF                        ; IGNORE_CARRY                   ;
; AUTO_CASCADE_CHAINS           ; ON                         ; AUTO_CASCADE                   ;
; IGNORE_CASCADE_BUFFERS        ; OFF                        ; IGNORE_CASCADE                 ;
+-------------------------------+----------------------------+--------------------------------+
Note: In order to hide this table in the UI and the text report file, please set the "Show Parameter Settings in Synthesis Report" option in "Analysis and Synthesis Settings -> More Settings" to "Off".


+--------------------------------------------------------------------------------------------------------+
; Parameter Settings for Inferred Entity Instance: sld_signaltap:ST_unit                                 ;
+-------------------------------------------------+-------------------------------------+----------------+
; Parameter Name                                  ; Value                               ; Type           ;
+-------------------------------------------------+-------------------------------------+----------------+
; lpm_type                                        ; sld_signaltap                       ; String         ;
; sld_node_info                                   ; 805334528                           ; Untyped        ;
; SLD_SECTION_ID                                  ; hdl_signaltap_0                     ; String         ;
; SLD_IP_VERSION                                  ; 6                                   ; Signed Integer ;
; SLD_IP_MINOR_VERSION                            ; 0                                   ; Signed Integer ;
; SLD_COMMON_IP_VERSION                           ; 0                                   ; Signed Integer ;
; sld_data_bits                                   ; 43                                  ; Untyped        ;
; sld_trigger_bits                                ; 43                                  ; Untyped        ;
; SLD_NODE_CRC_BITS                               ; 32                                  ; Signed Integer ;
; SLD_NODE_CRC_HIWORD                             ; 41394                               ; Signed Integer ;
; SLD_NODE_CRC_LOWORD                             ; 50132                               ; Signed Integer ;
; sld_incremental_routing                         ; 1                                   ; Untyped        ;
; sld_sample_depth                                ; 128                                 ; Untyped        ;
; sld_segment_size                                ; 8                                   ; Untyped        ;
; sld_ram_block_type                              ; AUTO                                ; Untyped        ;
; sld_state_bits                                  ; 11                                  ; Untyped        ;
; sld_buffer_full_stop                            ; 1                                   ; Untyped        ;
; SLD_MEM_ADDRESS_BITS                            ; 7                                   ; Signed Integer ;
; SLD_DATA_BIT_CNTR_BITS                          ; 4                                   ; Signed Integer ;
; sld_trigger_level                               ; 1                                   ; Untyped        ;
; sld_trigger_in_enabled                          ; 0                                   ; Untyped        ;
; SLD_HPS_TRIGGER_IN_ENABLED                      ; 0                                   ; Signed Integer ;
; SLD_HPS_TRIGGER_OUT_ENABLED                     ; 0                                   ; Signed Integer ;
; SLD_HPS_EVENT_ENABLED                           ; 0                                   ; Signed Integer ;
; SLD_HPS_EVENT_ID                                ; 0                                   ; Signed Integer ;
; sld_advanced_trigger_entity                     ; sld_reserved_Lab3_1_ST_unit_1_ebfa, ; Untyped        ;
; sld_trigger_level_pipeline                      ; 1                                   ; Untyped        ;
; sld_trigger_pipeline                            ; 0                                   ; Untyped        ;
; sld_ram_pipeline                                ; 0                                   ; Untyped        ;
; sld_counter_pipeline                            ; 0                                   ; Untyped        ;
; sld_enable_advanced_trigger                     ; 1                                   ; Untyped        ;
; SLD_ADVANCED_TRIGGER_1                          ; NONE                                ; String         ;
; SLD_ADVANCED_TRIGGER_2                          ; NONE                                ; String         ;
; SLD_ADVANCED_TRIGGER_3                          ; NONE                                ; String         ;
; SLD_ADVANCED_TRIGGER_4                          ; NONE                                ; String         ;
; SLD_ADVANCED_TRIGGER_5                          ; NONE                                ; String         ;
; SLD_ADVANCED_TRIGGER_6                          ; NONE                                ; String         ;
; SLD_ADVANCED_TRIGGER_7                          ; NONE                                ; String         ;
; SLD_ADVANCED_TRIGGER_8                          ; NONE                                ; String         ;
; SLD_ADVANCED_TRIGGER_9                          ; NONE                                ; String         ;
; SLD_ADVANCED_TRIGGER_10                         ; NONE                                ; String         ;
; sld_inversion_mask_length                       ; 17                                  ; Untyped        ;
; sld_inversion_mask                              ; 00000000000000000                   ; Untyped        ;
; sld_power_up_trigger                            ; 0                                   ; Untyped        ;
; SLD_STATE_FLOW_MGR_ENTITY                       ; state_flow_mgr_entity.vhd           ; String         ;
; sld_state_flow_use_generated                    ; 0                                   ; Untyped        ;
; sld_current_resource_width                      ; 1                                   ; Untyped        ;
; sld_attribute_mem_mode                          ; OFF                                 ; Untyped        ;
; sld_storage_qualifier_bits                      ; 43                                  ; Untyped        ;
; SLD_STORAGE_QUALIFIER_GAP_RECORD                ; 0                                   ; Signed Integer ;
; SLD_STORAGE_QUALIFIER_MODE                      ; OFF                                 ; String         ;
; SLD_STORAGE_QUALIFIER_ENABLE_ADVANCED_CONDITION ; 0                                   ; Signed Integer ;
; sld_storage_qualifier_inversion_mask_length     ; 0                                   ; Untyped        ;
; SLD_STORAGE_QUALIFIER_ADVANCED_CONDITION_ENTITY ; basic                               ; String         ;
; SLD_STORAGE_QUALIFIER_PIPELINE                  ; 0                                   ; Signed Integer ;
; SLD_CREATE_MONITOR_INTERFACE                    ; 0                                   ; Signed Integer ;
; SLD_USE_JTAG_SIGNAL_ADAPTER                     ; 1                                   ; Signed Integer ;
+-------------------------------------------------+-------------------------------------+----------------+
Note: In order to hide this table in the UI and the text report file, please set the "Show Parameter Settings in Synthesis Report" option in "Analysis and Synthesis Settings -> More Settings" to "Off".


+--------------------------------------------------------------------------------+
; altpll Parameter Settings by Entity Instance                                   ;
+-------------------------------+------------------------------------------------+
; Name                          ; Value                                          ;
+-------------------------------+------------------------------------------------+
; Number of entity instances    ; 1                                              ;
; Entity Instance               ; PLL_unit:PLL_unit_inst|altpll:altpll_component ;
;     -- OPERATION_MODE         ; NORMAL                                         ;
;     -- PLL_TYPE               ; AUTO                                           ;
;     -- PRIMARY_CLOCK          ; INCLK0                                         ;
;     -- INCLK0_INPUT_FREQUENCY ; 40000                                          ;
;     -- INCLK1_INPUT_FREQUENCY ; 0                                              ;
;     -- VCO_MULTIPLY_BY        ; 0                                              ;
;     -- VCO_DIVIDE_BY          ; 0                                              ;
+-------------------------------+------------------------------------------------+


+------------------------------------------------------------------------------------------------------------+
; Analysis & Elaboration Settings                                                                            ;
+------------------------------------------------------------------+--------------------+--------------------+
; Option                                                           ; Setting            ; Default Value      ;
+------------------------------------------------------------------+--------------------+--------------------+
; Device                                                           ; EP4CE6E22C8        ;                    ;
; Top-level entity name                                            ; db_Lab3_1          ; Lab3_1             ;
; Family name                                                      ; Cyclone IV E       ; Cyclone V          ;
; Use smart compilation                                            ; On                 ; Off                ;
; Maximum processors allowed for parallel compilation              ; All                ;                    ;
; Enable parallel Assembler and Timing Analyzer during compilation ; On                 ; On                 ;
; Enable compact report table                                      ; Off                ; Off                ;
; Restructure Multiplexers                                         ; Auto               ; Auto               ;
; Create Debugging Nodes for IP Cores                              ; Off                ; Off                ;
; Preserve fewer node names                                        ; On                 ; On                 ;
; Intel FPGA IP Evaluation Mode                                    ; Enable             ; Enable             ;
; Verilog Version                                                  ; Verilog_2001       ; Verilog_2001       ;
; VHDL Version                                                     ; VHDL_1993          ; VHDL_1993          ;
; State Machine Processing                                         ; Auto               ; Auto               ;
; Safe State Machine                                               ; Off                ; Off                ;
; Extract Verilog State Machines                                   ; On                 ; On                 ;
; Extract VHDL State Machines                                      ; On                 ; On                 ;
; Ignore Verilog initial constructs                                ; Off                ; Off                ;
; Iteration limit for constant Verilog loops                       ; 5000               ; 5000               ;
; Iteration limit for non-constant Verilog loops                   ; 250                ; 250                ;
; Add Pass-Through Logic to Inferred RAMs                          ; On                 ; On                 ;
; Infer RAMs from Raw Logic                                        ; On                 ; On                 ;
; Parallel Synthesis                                               ; On                 ; On                 ;
; DSP Block Balancing                                              ; Auto               ; Auto               ;
; NOT Gate Push-Back                                               ; On                 ; On                 ;
; Power-Up Don't Care                                              ; On                 ; On                 ;
; Remove Redundant Logic Cells                                     ; Off                ; Off                ;
; Remove Duplicate Registers                                       ; On                 ; On                 ;
; Ignore CARRY Buffers                                             ; Off                ; Off                ;
; Ignore CASCADE Buffers                                           ; Off                ; Off                ;
; Ignore GLOBAL Buffers                                            ; Off                ; Off                ;
; Ignore ROW GLOBAL Buffers                                        ; Off                ; Off                ;
; Ignore LCELL Buffers                                             ; Off                ; Off                ;
; Ignore SOFT Buffers                                              ; On                 ; On                 ;
; Limit AHDL Integers to 32 Bits                                   ; Off                ; Off                ;
; Optimization Technique                                           ; Balanced           ; Balanced           ;
; Carry Chain Length                                               ; 70                 ; 70                 ;
; Auto Carry Chains                                                ; On                 ; On                 ;
; Auto Open-Drain Pins                                             ; On                 ; On                 ;
; Perform WYSIWYG Primitive Resynthesis                            ; Off                ; Off                ;
; Auto ROM Replacement                                             ; On                 ; On                 ;
; Auto RAM Replacement                                             ; On                 ; On                 ;
; Auto DSP Block Replacement                                       ; On                 ; On                 ;
; Auto Shift Register Replacement                                  ; Auto               ; Auto               ;
; Allow Shift Register Merging across Hierarchies                  ; Auto               ; Auto               ;
; Auto Clock Enable Replacement                                    ; On                 ; On                 ;
; Strict RAM Replacement                                           ; Off                ; Off                ;
; Allow Synchronous Control Signals                                ; On                 ; On                 ;
; Force Use of Synchronous Clear Signals                           ; Off                ; Off                ;
; Auto RAM Block Balancing                                         ; On                 ; On                 ;
; Auto RAM to Logic Cell Conversion                                ; Off                ; Off                ;
; Auto Resource Sharing                                            ; Off                ; Off                ;
; Allow Any RAM Size For Recognition                               ; Off                ; Off                ;
; Allow Any ROM Size For Recognition                               ; Off                ; Off                ;
; Allow Any Shift Register Size For Recognition                    ; Off                ; Off                ;
; Use LogicLock Constraints during Resource Balancing              ; On                 ; On                 ;
; Ignore translate_off and synthesis_off directives                ; Off                ; Off                ;
; Timing-Driven Synthesis                                          ; On                 ; On                 ;
; Report Parameter Settings                                        ; On                 ; On                 ;
; Report Source Assignments                                        ; On                 ; On                 ;
; Report Connectivity Checks                                       ; On                 ; On                 ;
; Ignore Maximum Fan-Out Assignments                               ; Off                ; Off                ;
; Synchronization Register Chain Length                            ; 2                  ; 2                  ;
; Power Optimization During Synthesis                              ; Normal compilation ; Normal compilation ;
; HDL message level                                                ; Level2             ; Level2             ;
; Suppress Register Optimization Related Messages                  ; Off                ; Off                ;
; Number of Removed Registers Reported in Synthesis Report         ; 5000               ; 5000               ;
; Number of Swept Nodes Reported in Synthesis Report               ; 5000               ; 5000               ;
; Number of Inverted Registers Reported in Synthesis Report        ; 100                ; 100                ;
; Clock MUX Protection                                             ; On                 ; On                 ;
; Auto Gated Clock Conversion                                      ; Off                ; Off                ;
; Block Design Naming                                              ; Auto               ; Auto               ;
; SDC constraint protection                                        ; Off                ; Off                ;
; Synthesis Effort                                                 ; Auto               ; Auto               ;
; Shift Register Replacement - Allow Asynchronous Clear Signal     ; On                 ; On                 ;
; Pre-Mapping Resynthesis Optimization                             ; Off                ; Off                ;
; Analysis & Synthesis Message Level                               ; Medium             ; Medium             ;
; Disable Register Merging Across Hierarchies                      ; Auto               ; Auto               ;
; Resource Aware Inference For Block RAM                           ; On                 ; On                 ;
+------------------------------------------------------------------+--------------------+--------------------+


+----------------------------------------------------------------------------------------------------------------+
; Port Connectivity Checks: "PLL_unit:PLL_unit_inst"                                                             ;
+------+--------+----------+-------------------------------------------------------------------------------------+
; Port ; Type   ; Severity ; Details                                                                             ;
+------+--------+----------+-------------------------------------------------------------------------------------+
; c0   ; Output ; Info     ; Connected to dangling logic. Logic that only feeds a dangling port will be removed. ;
+------+--------+----------+-------------------------------------------------------------------------------------+


+------------------------------------------------------------------------------------------------------------------------------------------------------------------------------------+
; Port Connectivity Checks: "SP_unit:SP_unit_inst|altsource_probe_top:in_system_sources_probes_0|altsource_probe:issp_impl"                                                          ;
+-----------------+--------+----------+----------------------------------------------------------------------------------------------------------------------------------------------+
; Port            ; Type   ; Severity ; Details                                                                                                                                      ;
+-----------------+--------+----------+----------------------------------------------------------------------------------------------------------------------------------------------+
; raw_tck         ; Input  ; Warning  ; Declared by entity but not connected by instance. If a default value exists, it will be used.  Otherwise, the port will be connected to GND. ;
; tdi             ; Input  ; Warning  ; Declared by entity but not connected by instance. If a default value exists, it will be used.  Otherwise, the port will be connected to GND. ;
; usr1            ; Input  ; Warning  ; Declared by entity but not connected by instance. If a default value exists, it will be used.  Otherwise, the port will be connected to GND. ;
; jtag_state_cdr  ; Input  ; Warning  ; Declared by entity but not connected by instance. If a default value exists, it will be used.  Otherwise, the port will be connected to GND. ;
; jtag_state_sdr  ; Input  ; Warning  ; Declared by entity but not connected by instance. If a default value exists, it will be used.  Otherwise, the port will be connected to GND. ;
; jtag_state_e1dr ; Input  ; Warning  ; Declared by entity but not connected by instance. If a default value exists, it will be used.  Otherwise, the port will be connected to GND. ;
; jtag_state_udr  ; Input  ; Warning  ; Declared by entity but not connected by instance. If a default value exists, it will be used.  Otherwise, the port will be connected to GND. ;
; jtag_state_cir  ; Input  ; Warning  ; Declared by entity but not connected by instance. If a default value exists, it will be used.  Otherwise, the port will be connected to GND. ;
; jtag_state_uir  ; Input  ; Warning  ; Declared by entity but not connected by instance. If a default value exists, it will be used.  Otherwise, the port will be connected to GND. ;
; jtag_state_tlr  ; Input  ; Warning  ; Declared by entity but not connected by instance. If a default value exists, it will be used.  Otherwise, the port will be connected to GND. ;
; clr             ; Input  ; Warning  ; Declared by entity but not connected by instance. If a default value exists, it will be used.  Otherwise, the port will be connected to GND. ;
; ena             ; Input  ; Warning  ; Declared by entity but not connected by instance. If a default value exists, it will be used.  Otherwise, the port will be connected to GND. ;
; ir_in           ; Input  ; Warning  ; Declared by entity but not connected by instance. If a default value exists, it will be used.  Otherwise, the port will be connected to GND. ;
; ir_out          ; Output ; Warning  ; Declared by entity but not connected by instance. Logic that only feeds a dangling port will be removed.                                     ;
; tdo             ; Output ; Warning  ; Declared by entity but not connected by instance. Logic that only feeds a dangling port will be removed.                                     ;
+-----------------+--------+----------+----------------------------------------------------------------------------------------------------------------------------------------------+


+-------------------------------------------------------------------------------------------------+
; Port Connectivity Checks: "SP_unit:SP_unit_inst|altsource_probe_top:in_system_sources_probes_0" ;
+------------+-------+----------+-----------------------------------------------------------------+
; Port       ; Type  ; Severity ; Details                                                         ;
+------------+-------+----------+-----------------------------------------------------------------+
; source_ena ; Input ; Info     ; Stuck at VCC                                                    ;
+------------+-------+----------+-----------------------------------------------------------------+


+----------------------------------------------------------------------------------------------------------------------------------------------------------------------------------------------------------------------------------------------------------------------+
; Signal Tap Logic Analyzer Settings                                                                                                                                                                                                                                   ;
+----------------+---------------+---------------------+------------------+--------------+----------+------------------------+----------------------+--------------------+-----------------------------+-----------------+------------------+--------------------------+
; Instance Index ; Instance Name ; Trigger Input Width ; Data Input Width ; Sample Depth ; Segments ; Storage Qualifier Type ; Trigger Flow Control ; Trigger Conditions ; Advanced Trigger Conditions ; Trigger In Used ; Trigger Out Used ; Power-Up Trigger Enabled ;
+----------------+---------------+---------------------+------------------+--------------+----------+------------------------+----------------------+--------------------+-----------------------------+-----------------+------------------+--------------------------+
; 0              ; ST_unit       ; 43                  ; 43               ; 128          ; 16       ; continuous             ; sequential           ; 1                  ; 1                           ; no              ; no               ; no                       ;
+----------------+---------------+---------------------+------------------+--------------+----------+------------------------+----------------------+--------------------+-----------------------------+-----------------+------------------+--------------------------+


+---------------------------------+
; Analysis & Elaboration Messages ;
+---------------------------------+
Info: *******************************************************************
Info: Running Quartus Prime Analysis & Elaboration
    Info: Version 18.1.0 Build 625 09/12/2018 SJ Lite Edition
    Info: Processing started: Sat Nov 30 14:54:56 2024
Info: Command: quartus_map --read_settings_files=on --write_settings_files=off Lab3_1 -c Lab3_1 --analysis_and_elaboration
Info (20030): Parallel compilation is enabled and will use 12 of the 12 processors detected
Info (12021): Found 1 design units, including 1 entities, in source file tb_lab3_1.v
    Info (12023): Found entity 1: tb_Lab3_1 File: D:/repos/verilog/Lab3_1/tb_Lab3_1.v Line: 2
Info (12021): Found 1 design units, including 1 entities, in source file impl_lab3_1.v
    Info (12023): Found entity 1: impl_Lab3_1 File: D:/repos/verilog/Lab3_1/impl_Lab3_1.v Line: 1
Info (12021): Found 1 design units, including 1 entities, in source file db_lab3_1.v
    Info (12023): Found entity 1: db_Lab3_1 File: D:/repos/verilog/Lab3_1/db_Lab3_1.v Line: 1
Info (12021): Found 1 design units, including 1 entities, in source file lab3_1.v
    Info (12023): Found entity 1: Lab3_1 File: D:/repos/verilog/Lab3_1/Lab3_1.v Line: 2
Info (12021): Found 1 design units, including 1 entities, in source file sp_unit/synthesis/sp_unit.v
    Info (12023): Found entity 1: SP_unit File: D:/repos/verilog/Lab3_1/SP_unit/synthesis/SP_unit.v Line: 6
Info (12021): Found 1 design units, including 1 entities, in source file sp_unit/synthesis/submodules/altsource_probe_top.v
    Info (12023): Found entity 1: altsource_probe_top File: D:/repos/verilog/Lab3_1/SP_unit/synthesis/submodules/altsource_probe_top.v Line: 14
Info (12021): Found 1 design units, including 1 entities, in source file pll_unit.v
    Info (12023): Found entity 1: PLL_unit File: D:/repos/verilog/Lab3_1/PLL_unit.v Line: 39
Info (12127): Elaborating entity "db_Lab3_1" for the top level hierarchy
Info (12128): Elaborating entity "Lab3_1" for hierarchy "Lab3_1:Lab3_1_inst" File: D:/repos/verilog/Lab3_1/db_Lab3_1.v Line: 18
Info (12128): Elaborating entity "SP_unit" for hierarchy "SP_unit:SP_unit_inst" File: D:/repos/verilog/Lab3_1/db_Lab3_1.v Line: 23
Info (12128): Elaborating entity "altsource_probe_top" for hierarchy "SP_unit:SP_unit_inst|altsource_probe_top:in_system_sources_probes_0" File: D:/repos/verilog/Lab3_1/SP_unit/synthesis/SP_unit.v Line: 25
Info (12128): Elaborating entity "altsource_probe" for hierarchy "SP_unit:SP_unit_inst|altsource_probe_top:in_system_sources_probes_0|altsource_probe:issp_impl" File: D:/repos/verilog/Lab3_1/SP_unit/synthesis/submodules/altsource_probe_top.v Line: 55
Info (12130): Elaborated megafunction instantiation "SP_unit:SP_unit_inst|altsource_probe_top:in_system_sources_probes_0|altsource_probe:issp_impl" File: D:/repos/verilog/Lab3_1/SP_unit/synthesis/submodules/altsource_probe_top.v Line: 55
Info (12133): Instantiated megafunction "SP_unit:SP_unit_inst|altsource_probe_top:in_system_sources_probes_0|altsource_probe:issp_impl" with the following parameter: File: D:/repos/verilog/Lab3_1/SP_unit/synthesis/submodules/altsource_probe_top.v Line: 55
    Info (12134): Parameter "lpm_type" = "altsource_probe"
    Info (12134): Parameter "lpm_hint" = "UNUSED"
    Info (12134): Parameter "sld_auto_instance_index" = "YES"
    Info (12134): Parameter "sld_instance_index" = "0"
    Info (12134): Parameter "SLD_NODE_INFO" = "4746752"
    Info (12134): Parameter "sld_ir_width" = "4"
    Info (12134): Parameter "instance_id" = "SP_"
    Info (12134): Parameter "probe_width" = "11"
    Info (12134): Parameter "source_width" = "2"
    Info (12134): Parameter "source_initial_value" = "0"
    Info (12134): Parameter "enable_metastability" = "YES"
Info (12128): Elaborating entity "sld_jtag_endpoint_adapter" for hierarchy "SP_unit:SP_unit_inst|altsource_probe_top:in_system_sources_probes_0|altsource_probe:issp_impl|sld_jtag_endpoint_adapter:jtag_signal_adapter" File: c:/intelfpga_lite/18.1/quartus/libraries/megafunctions/altsource_probe.v Line: 168
Info (12128): Elaborating entity "sld_jtag_endpoint_adapter_impl" for hierarchy "SP_unit:SP_unit_inst|altsource_probe_top:in_system_sources_probes_0|altsource_probe:issp_impl|sld_jtag_endpoint_adapter:jtag_signal_adapter|sld_jtag_endpoint_adapter_impl:sld_jtag_endpoint_adapter_impl_inst" File: c:/intelfpga_lite/18.1/quartus/libraries/megafunctions/sld_jtag_endpoint_adapter.vhd Line: 232
Info (12128): Elaborating entity "altsource_probe_body" for hierarchy "SP_unit:SP_unit_inst|altsource_probe_top:in_system_sources_probes_0|altsource_probe:issp_impl|altsource_probe_body:altsource_probe_body_inst" File: c:/intelfpga_lite/18.1/quartus/libraries/megafunctions/altsource_probe.v Line: 204
Info (12128): Elaborating entity "altsource_probe_impl" for hierarchy "SP_unit:SP_unit_inst|altsource_probe_top:in_system_sources_probes_0|altsource_probe:issp_impl|altsource_probe_body:altsource_probe_body_inst|altsource_probe_impl:\wider_probe_gen:wider_probe_inst" File: c:/intelfpga_lite/18.1/quartus/libraries/megafunctions/altsource_probe_body.vhd Line: 507
Info (12128): Elaborating entity "sld_rom_sr" for hierarchy "SP_unit:SP_unit_inst|altsource_probe_top:in_system_sources_probes_0|altsource_probe:issp_impl|altsource_probe_body:altsource_probe_body_inst|altsource_probe_impl:\wider_probe_gen:wider_probe_inst|sld_rom_sr:\instance_id_gen:rom_info_inst" File: c:/intelfpga_lite/18.1/quartus/libraries/megafunctions/altsource_probe_body.vhd Line: 755
Info (12128): Elaborating entity "PLL_unit" for hierarchy "PLL_unit:PLL_unit_inst" File: D:/repos/verilog/Lab3_1/db_Lab3_1.v Line: 27
Info (12128): Elaborating entity "altpll" for hierarchy "PLL_unit:PLL_unit_inst|altpll:altpll_component" File: D:/repos/verilog/Lab3_1/PLL_unit.v Line: 90
Info (12130): Elaborated megafunction instantiation "PLL_unit:PLL_unit_inst|altpll:altpll_component" File: D:/repos/verilog/Lab3_1/PLL_unit.v Line: 90
Info (12133): Instantiated megafunction "PLL_unit:PLL_unit_inst|altpll:altpll_component" with the following parameter: File: D:/repos/verilog/Lab3_1/PLL_unit.v Line: 90
    Info (12134): Parameter "bandwidth_type" = "AUTO"
    Info (12134): Parameter "clk0_divide_by" = "1"
    Info (12134): Parameter "clk0_duty_cycle" = "50"
    Info (12134): Parameter "clk0_multiply_by" = "2"
    Info (12134): Parameter "clk0_phase_shift" = "0"
    Info (12134): Parameter "compensate_clock" = "CLK0"
    Info (12134): Parameter "inclk0_input_frequency" = "40000"
    Info (12134): Parameter "intended_device_family" = "Cyclone IV E"
    Info (12134): Parameter "lpm_hint" = "CBX_MODULE_PREFIX=PLL_unit"
    Info (12134): Parameter "lpm_type" = "altpll"
    Info (12134): Parameter "operation_mode" = "NORMAL"
    Info (12134): Parameter "pll_type" = "AUTO"
    Info (12134): Parameter "port_activeclock" = "PORT_UNUSED"
    Info (12134): Parameter "port_areset" = "PORT_UNUSED"
    Info (12134): Parameter "port_clkbad0" = "PORT_UNUSED"
    Info (12134): Parameter "port_clkbad1" = "PORT_UNUSED"
    Info (12134): Parameter "port_clkloss" = "PORT_UNUSED"
    Info (12134): Parameter "port_clkswitch" = "PORT_UNUSED"
    Info (12134): Parameter "port_configupdate" = "PORT_UNUSED"
    Info (12134): Parameter "port_fbin" = "PORT_UNUSED"
    Info (12134): Parameter "port_inclk0" = "PORT_USED"
    Info (12134): Parameter "port_inclk1" = "PORT_UNUSED"
    Info (12134): Parameter "port_locked" = "PORT_UNUSED"
    Info (12134): Parameter "port_pfdena" = "PORT_UNUSED"
    Info (12134): Parameter "port_phasecounterselect" = "PORT_UNUSED"
    Info (12134): Parameter "port_phasedone" = "PORT_UNUSED"
    Info (12134): Parameter "port_phasestep" = "PORT_UNUSED"
    Info (12134): Parameter "port_phaseupdown" = "PORT_UNUSED"
    Info (12134): Parameter "port_pllena" = "PORT_UNUSED"
    Info (12134): Parameter "port_scanaclr" = "PORT_UNUSED"
    Info (12134): Parameter "port_scanclk" = "PORT_UNUSED"
    Info (12134): Parameter "port_scanclkena" = "PORT_UNUSED"
    Info (12134): Parameter "port_scandata" = "PORT_UNUSED"
    Info (12134): Parameter "port_scandataout" = "PORT_UNUSED"
    Info (12134): Parameter "port_scandone" = "PORT_UNUSED"
    Info (12134): Parameter "port_scanread" = "PORT_UNUSED"
    Info (12134): Parameter "port_scanwrite" = "PORT_UNUSED"
    Info (12134): Parameter "port_clk0" = "PORT_USED"
    Info (12134): Parameter "port_clk1" = "PORT_UNUSED"
    Info (12134): Parameter "port_clk2" = "PORT_UNUSED"
    Info (12134): Parameter "port_clk3" = "PORT_UNUSED"
    Info (12134): Parameter "port_clk4" = "PORT_UNUSED"
    Info (12134): Parameter "port_clk5" = "PORT_UNUSED"
    Info (12134): Parameter "port_clkena0" = "PORT_UNUSED"
    Info (12134): Parameter "port_clkena1" = "PORT_UNUSED"
    Info (12134): Parameter "port_clkena2" = "PORT_UNUSED"
    Info (12134): Parameter "port_clkena3" = "PORT_UNUSED"
    Info (12134): Parameter "port_clkena4" = "PORT_UNUSED"
    Info (12134): Parameter "port_clkena5" = "PORT_UNUSED"
    Info (12134): Parameter "port_extclk0" = "PORT_UNUSED"
    Info (12134): Parameter "port_extclk1" = "PORT_UNUSED"
    Info (12134): Parameter "port_extclk2" = "PORT_UNUSED"
    Info (12134): Parameter "port_extclk3" = "PORT_UNUSED"
    Info (12134): Parameter "width_clock" = "5"
Info (12021): Found 1 design units, including 1 entities, in source file db/pll_unit_altpll.v
    Info (12023): Found entity 1: PLL_unit_altpll File: D:/repos/verilog/Lab3_1/db/pll_unit_altpll.v Line: 29
Info (12128): Elaborating entity "PLL_unit_altpll" for hierarchy "PLL_unit:PLL_unit_inst|altpll:altpll_component|PLL_unit_altpll:auto_generated" File: c:/intelfpga_lite/18.1/quartus/libraries/megafunctions/altpll.tdf Line: 897
Info (12021): Found 1 design units, including 1 entities, in source file db/sld_ela_trigger_1on.tdf
    Info (12023): Found entity 1: sld_ela_trigger_1on File: D:/repos/verilog/Lab3_1/db/sld_ela_trigger_1on.tdf Line: 25
Info (12021): Found 1 design units, including 1 entities, in source file db/sld_reserved_lab3_1_st_unit_1_ebfa.v
    Info (12023): Found entity 1: sld_reserved_Lab3_1_ST_unit_1_ebfa File: D:/repos/verilog/Lab3_1/db/sld_reserved_lab3_1_st_unit_1_ebfa.v Line: 28
Info (12021): Found 1 design units, including 1 entities, in source file db/altsyncram_4524.tdf
    Info (12023): Found entity 1: altsyncram_4524 File: D:/repos/verilog/Lab3_1/db/altsyncram_4524.tdf Line: 27
Info (12021): Found 1 design units, including 1 entities, in source file db/mux_5tc.tdf
    Info (12023): Found entity 1: mux_5tc File: D:/repos/verilog/Lab3_1/db/mux_5tc.tdf Line: 22
Info (12021): Found 1 design units, including 1 entities, in source file db/decode_51g.tdf
    Info (12023): Found entity 1: decode_51g File: D:/repos/verilog/Lab3_1/db/decode_51g.tdf Line: 22
Info (12021): Found 1 design units, including 1 entities, in source file db/cntr_hgi.tdf
    Info (12023): Found entity 1: cntr_hgi File: D:/repos/verilog/Lab3_1/db/cntr_hgi.tdf Line: 27
Info (12021): Found 1 design units, including 1 entities, in source file db/cmpr_sgc.tdf
    Info (12023): Found entity 1: cmpr_sgc File: D:/repos/verilog/Lab3_1/db/cmpr_sgc.tdf Line: 22
Info (12021): Found 1 design units, including 1 entities, in source file db/cntr_i6j.tdf
    Info (12023): Found entity 1: cntr_i6j File: D:/repos/verilog/Lab3_1/db/cntr_i6j.tdf Line: 25
Info (12021): Found 1 design units, including 1 entities, in source file db/cntr_uei.tdf
    Info (12023): Found entity 1: cntr_uei File: D:/repos/verilog/Lab3_1/db/cntr_uei.tdf Line: 27
Info (12021): Found 1 design units, including 1 entities, in source file db/cmpr_pgc.tdf
    Info (12023): Found entity 1: cmpr_pgc File: D:/repos/verilog/Lab3_1/db/cmpr_pgc.tdf Line: 22
Info (12021): Found 1 design units, including 1 entities, in source file db/cntr_r4j.tdf
    Info (12023): Found entity 1: cntr_r4j File: D:/repos/verilog/Lab3_1/db/cntr_r4j.tdf Line: 25
Info (12033): Analysis and Synthesis generated Signal Tap or debug node instance "ST_unit"
Info (11170): Starting IP generation for the debug fabric: alt_sld_fab.
Info (11172): 2024.11.30.15:55:25 Progress: Loading sld993c4aaa/alt_sld_fab_wrapper_hw.tcl
Info (11172): Alt_sld_fab.alt_sld_fab: SLD fabric agents which did not specify prefer_host were connected to JTAG
Info (11172): Alt_sld_fab: Generating alt_sld_fab "alt_sld_fab" for QUARTUS_SYNTH
Info (11172): Alt_sld_fab: "alt_sld_fab" instantiated alt_sld_fab "alt_sld_fab"
Info (11172): Presplit: "alt_sld_fab" instantiated altera_super_splitter "presplit"
Info (11172): Splitter: "alt_sld_fab" instantiated altera_sld_splitter "splitter"
Info (11172): Sldfabric: "alt_sld_fab" instantiated altera_sld_jtag_hub "sldfabric"
Info (11172): Ident: "alt_sld_fab" instantiated altera_connection_identification_hub "ident"
Info (11172): Alt_sld_fab: Done "alt_sld_fab" with 6 modules, 6 files
Info (11171): Finished IP generation for the debug fabric: alt_sld_fab.
Info (12021): Found 1 design units, including 1 entities, in source file db/ip/sld993c4aaa/alt_sld_fab.v
    Info (12023): Found entity 1: alt_sld_fab File: D:/repos/verilog/Lab3_1/db/ip/sld993c4aaa/alt_sld_fab.v Line: 9
Info (12021): Found 1 design units, including 1 entities, in source file db/ip/sld993c4aaa/submodules/alt_sld_fab_alt_sld_fab.v
    Info (12023): Found entity 1: alt_sld_fab_alt_sld_fab File: D:/repos/verilog/Lab3_1/db/ip/sld993c4aaa/submodules/alt_sld_fab_alt_sld_fab.v Line: 9
Info (12021): Found 1 design units, including 1 entities, in source file db/ip/sld993c4aaa/submodules/alt_sld_fab_alt_sld_fab_ident.sv
    Info (12023): Found entity 1: alt_sld_fab_alt_sld_fab_ident File: D:/repos/verilog/Lab3_1/db/ip/sld993c4aaa/submodules/alt_sld_fab_alt_sld_fab_ident.sv Line: 33
Info (12021): Found 1 design units, including 1 entities, in source file db/ip/sld993c4aaa/submodules/alt_sld_fab_alt_sld_fab_presplit.sv
    Info (12023): Found entity 1: alt_sld_fab_alt_sld_fab_presplit File: D:/repos/verilog/Lab3_1/db/ip/sld993c4aaa/submodules/alt_sld_fab_alt_sld_fab_presplit.sv Line: 3
Info (12021): Found 2 design units, including 1 entities, in source file db/ip/sld993c4aaa/submodules/alt_sld_fab_alt_sld_fab_sldfabric.vhd
    Info (12022): Found design unit 1: alt_sld_fab_alt_sld_fab_sldfabric-rtl File: D:/repos/verilog/Lab3_1/db/ip/sld993c4aaa/submodules/alt_sld_fab_alt_sld_fab_sldfabric.vhd Line: 142
    Info (12023): Found entity 1: alt_sld_fab_alt_sld_fab_sldfabric File: D:/repos/verilog/Lab3_1/db/ip/sld993c4aaa/submodules/alt_sld_fab_alt_sld_fab_sldfabric.vhd Line: 11
Info (12021): Found 1 design units, including 1 entities, in source file db/ip/sld993c4aaa/submodules/alt_sld_fab_alt_sld_fab_splitter.sv
    Info (12023): Found entity 1: alt_sld_fab_alt_sld_fab_splitter File: D:/repos/verilog/Lab3_1/db/ip/sld993c4aaa/submodules/alt_sld_fab_alt_sld_fab_splitter.sv Line: 3
Warning (12241): 1 hierarchies have connectivity warnings - see the Connectivity Checks report folder
Info: Quartus Prime Analysis & Elaboration was successful. 0 errors, 1 warning
    Info: Peak virtual memory: 4846 megabytes
    Info: Processing ended: Sat Nov 30 14:55:34 2024
    Info: Elapsed time: 00:00:38
    Info: Total CPU time (on all processors): 00:00:19


