Analysis & Synthesis report for lab_QMS2
Tue Nov 19 20:44:21 2024
Quartus Prime Version 18.1.0 Build 625 09/12/2018 SJ Lite Edition


---------------------
; Table of Contents ;
---------------------
  1. Legal Notice
  2. Analysis & Synthesis Summary
  3. Analysis & Synthesis Settings
  4. Parallel Compilation
  5. Analysis & Synthesis Source Files Read
  6. Analysis & Synthesis Resource Usage Summary
  7. Analysis & Synthesis Resource Utilization by Entity
  8. Analysis & Synthesis DSP Block Usage Summary
  9. Analysis & Synthesis IP Cores Summary
 10. General Register Statistics
 11. Inverted Register Statistics
 12. Parameter Settings for User Entity Instance: CNT:CNT_inst|lpm_counter:LPM_COUNTER_component
 13. Parameter Settings for User Entity Instance: PWR:PWR_inst|lpm_mult:lpm_mult_component
 14. lpm_mult Parameter Settings by Entity Instance
 15. Post-Synthesis Netlist Statistics for Top Partition
 16. Elapsed Time Per Partition
 17. Analysis & Synthesis Messages



----------------
; Legal Notice ;
----------------
Copyright (C) 2018  Intel Corporation. All rights reserved.
Your use of Intel Corporation's design tools, logic functions 
and other software and tools, and its AMPP partner logic 
functions, and any output files from any of the foregoing 
(including device programming or simulation files), and any 
associated documentation or information are expressly subject 
to the terms and conditions of the Intel Program License 
Subscription Agreement, the Intel Quartus Prime License Agreement,
the Intel FPGA IP License Agreement, or other applicable license
agreement, including, without limitation, that your use is for
the sole purpose of programming logic devices manufactured by
Intel and sold by Intel or its authorized distributors.  Please
refer to the applicable agreement for further details.



+----------------------------------------------------------------------------------+
; Analysis & Synthesis Summary                                                     ;
+------------------------------------+---------------------------------------------+
; Analysis & Synthesis Status        ; Successful - Tue Nov 19 20:44:21 2024       ;
; Quartus Prime Version              ; 18.1.0 Build 625 09/12/2018 SJ Lite Edition ;
; Revision Name                      ; lab_QMS2                                    ;
; Top-level Entity Name              ; lab_QMS2                                    ;
; Family                             ; Cyclone IV E                                ;
; Total logic elements               ; 26                                          ;
;     Total combinational functions  ; 8                                           ;
;     Dedicated logic registers      ; 26                                          ;
; Total registers                    ; 26                                          ;
; Total pins                         ; 18                                          ;
; Total virtual pins                 ; 0                                           ;
; Total memory bits                  ; 0                                           ;
; Embedded Multiplier 9-bit elements ; 1                                           ;
; Total PLLs                         ; 0                                           ;
+------------------------------------+---------------------------------------------+


+------------------------------------------------------------------------------------------------------------+
; Analysis & Synthesis Settings                                                                              ;
+------------------------------------------------------------------+--------------------+--------------------+
; Option                                                           ; Setting            ; Default Value      ;
+------------------------------------------------------------------+--------------------+--------------------+
; Device                                                           ; EP4CE6E22C8        ;                    ;
; Top-level entity name                                            ; lab_QMS2           ; lab_QMS2           ;
; Family name                                                      ; Cyclone IV E       ; Cyclone V          ;
; Use smart compilation                                            ; Off                ; Off                ;
; Enable parallel Assembler and Timing Analyzer during compilation ; On                 ; On                 ;
; Enable compact report table                                      ; Off                ; Off                ;
; Restructure Multiplexers                                         ; Auto               ; Auto               ;
; Create Debugging Nodes for IP Cores                              ; Off                ; Off                ;
; Preserve fewer node names                                        ; On                 ; On                 ;
; Intel FPGA IP Evaluation Mode                                    ; Enable             ; Enable             ;
; Verilog Version                                                  ; Verilog_2001       ; Verilog_2001       ;
; VHDL Version                                                     ; VHDL_1993          ; VHDL_1993          ;
; State Machine Processing                                         ; Auto               ; Auto               ;
; Safe State Machine                                               ; Off                ; Off                ;
; Extract Verilog State Machines                                   ; On                 ; On                 ;
; Extract VHDL State Machines                                      ; On                 ; On                 ;
; Ignore Verilog initial constructs                                ; Off                ; Off                ;
; Iteration limit for constant Verilog loops                       ; 5000               ; 5000               ;
; Iteration limit for non-constant Verilog loops                   ; 250                ; 250                ;
; Add Pass-Through Logic to Inferred RAMs                          ; On                 ; On                 ;
; Infer RAMs from Raw Logic                                        ; On                 ; On                 ;
; Parallel Synthesis                                               ; On                 ; On                 ;
; DSP Block Balancing                                              ; Auto               ; Auto               ;
; NOT Gate Push-Back                                               ; On                 ; On                 ;
; Power-Up Don't Care                                              ; On                 ; On                 ;
; Remove Redundant Logic Cells                                     ; Off                ; Off                ;
; Remove Duplicate Registers                                       ; On                 ; On                 ;
; Ignore CARRY Buffers                                             ; Off                ; Off                ;
; Ignore CASCADE Buffers                                           ; Off                ; Off                ;
; Ignore GLOBAL Buffers                                            ; Off                ; Off                ;
; Ignore ROW GLOBAL Buffers                                        ; Off                ; Off                ;
; Ignore LCELL Buffers                                             ; Off                ; Off                ;
; Ignore SOFT Buffers                                              ; On                 ; On                 ;
; Limit AHDL Integers to 32 Bits                                   ; Off                ; Off                ;
; Optimization Technique                                           ; Balanced           ; Balanced           ;
; Carry Chain Length                                               ; 70                 ; 70                 ;
; Auto Carry Chains                                                ; On                 ; On                 ;
; Auto Open-Drain Pins                                             ; On                 ; On                 ;
; Perform WYSIWYG Primitive Resynthesis                            ; Off                ; Off                ;
; Auto ROM Replacement                                             ; On                 ; On                 ;
; Auto RAM Replacement                                             ; On                 ; On                 ;
; Auto DSP Block Replacement                                       ; On                 ; On                 ;
; Auto Shift Register Replacement                                  ; Auto               ; Auto               ;
; Allow Shift Register Merging across Hierarchies                  ; Auto               ; Auto               ;
; Auto Clock Enable Replacement                                    ; On                 ; On                 ;
; Strict RAM Replacement                                           ; Off                ; Off                ;
; Allow Synchronous Control Signals                                ; On                 ; On                 ;
; Force Use of Synchronous Clear Signals                           ; Off                ; Off                ;
; Auto RAM Block Balancing                                         ; On                 ; On                 ;
; Auto RAM to Logic Cell Conversion                                ; Off                ; Off                ;
; Auto Resource Sharing                                            ; Off                ; Off                ;
; Allow Any RAM Size For Recognition                               ; Off                ; Off                ;
; Allow Any ROM Size For Recognition                               ; Off                ; Off                ;
; Allow Any Shift Register Size For Recognition                    ; Off                ; Off                ;
; Use LogicLock Constraints during Resource Balancing              ; On                 ; On                 ;
; Ignore translate_off and synthesis_off directives                ; Off                ; Off                ;
; Timing-Driven Synthesis                                          ; On                 ; On                 ;
; Report Parameter Settings                                        ; On                 ; On                 ;
; Report Source Assignments                                        ; On                 ; On                 ;
; Report Connectivity Checks                                       ; On                 ; On                 ;
; Ignore Maximum Fan-Out Assignments                               ; Off                ; Off                ;
; Synchronization Register Chain Length                            ; 2                  ; 2                  ;
; Power Optimization During Synthesis                              ; Normal compilation ; Normal compilation ;
; HDL message level                                                ; Level2             ; Level2             ;
; Suppress Register Optimization Related Messages                  ; Off                ; Off                ;
; Number of Removed Registers Reported in Synthesis Report         ; 5000               ; 5000               ;
; Number of Swept Nodes Reported in Synthesis Report               ; 5000               ; 5000               ;
; Number of Inverted Registers Reported in Synthesis Report        ; 100                ; 100                ;
; Clock MUX Protection                                             ; On                 ; On                 ;
; Auto Gated Clock Conversion                                      ; Off                ; Off                ;
; Block Design Naming                                              ; Auto               ; Auto               ;
; SDC constraint protection                                        ; Off                ; Off                ;
; Synthesis Effort                                                 ; Auto               ; Auto               ;
; Shift Register Replacement - Allow Asynchronous Clear Signal     ; On                 ; On                 ;
; Pre-Mapping Resynthesis Optimization                             ; Off                ; Off                ;
; Analysis & Synthesis Message Level                               ; Medium             ; Medium             ;
; Disable Register Merging Across Hierarchies                      ; Auto               ; Auto               ;
; Resource Aware Inference For Block RAM                           ; On                 ; On                 ;
+------------------------------------------------------------------+--------------------+--------------------+


+------------------------------------------+
; Parallel Compilation                     ;
+----------------------------+-------------+
; Processors                 ; Number      ;
+----------------------------+-------------+
; Number detected on machine ; 12          ;
; Maximum allowed            ; 12          ;
;                            ;             ;
; Average used               ; 1.00        ;
; Maximum used               ; 12          ;
;                            ;             ;
; Usage by Processor         ; % Time Used ;
;     Processor 1            ; 100.0%      ;
;     Processors 2-12        ;   0.0%      ;
+----------------------------+-------------+


+------------------------------------------------------------------------------------------------------------------------------------------------------------------------------+
; Analysis & Synthesis Source Files Read                                                                                                                                       ;
+----------------------------------+-----------------+------------------------------+--------------------------------------------------------------------------------+---------+
; File Name with User-Entered Path ; Used in Netlist ; File Type                    ; File Name with Absolute Path                                                   ; Library ;
+----------------------------------+-----------------+------------------------------+--------------------------------------------------------------------------------+---------+
; CNT.v                            ; yes             ; User Wizard-Generated File   ; D:/repos/verilog/lab_QMS/lab_QMS2/CNT.v                                        ;         ;
; PWR.v                            ; yes             ; User Wizard-Generated File   ; D:/repos/verilog/lab_QMS/lab_QMS2/PWR.v                                        ;         ;
; lab_QMS2.sv                      ; yes             ; User SystemVerilog HDL File  ; D:/repos/verilog/lab_QMS/lab_QMS2/lab_QMS2.sv                                  ;         ;
; lpm_counter.tdf                  ; yes             ; Megafunction                 ; c:/intelfpga_lite/18.1/quartus/libraries/megafunctions/lpm_counter.tdf         ;         ;
; lpm_constant.inc                 ; yes             ; Megafunction                 ; c:/intelfpga_lite/18.1/quartus/libraries/megafunctions/lpm_constant.inc        ;         ;
; lpm_decode.inc                   ; yes             ; Megafunction                 ; c:/intelfpga_lite/18.1/quartus/libraries/megafunctions/lpm_decode.inc          ;         ;
; lpm_add_sub.inc                  ; yes             ; Megafunction                 ; c:/intelfpga_lite/18.1/quartus/libraries/megafunctions/lpm_add_sub.inc         ;         ;
; cmpconst.inc                     ; yes             ; Megafunction                 ; c:/intelfpga_lite/18.1/quartus/libraries/megafunctions/cmpconst.inc            ;         ;
; lpm_compare.inc                  ; yes             ; Megafunction                 ; c:/intelfpga_lite/18.1/quartus/libraries/megafunctions/lpm_compare.inc         ;         ;
; lpm_counter.inc                  ; yes             ; Megafunction                 ; c:/intelfpga_lite/18.1/quartus/libraries/megafunctions/lpm_counter.inc         ;         ;
; dffeea.inc                       ; yes             ; Megafunction                 ; c:/intelfpga_lite/18.1/quartus/libraries/megafunctions/dffeea.inc              ;         ;
; alt_counter_stratix.inc          ; yes             ; Megafunction                 ; c:/intelfpga_lite/18.1/quartus/libraries/megafunctions/alt_counter_stratix.inc ;         ;
; aglobal181.inc                   ; yes             ; Megafunction                 ; c:/intelfpga_lite/18.1/quartus/libraries/megafunctions/aglobal181.inc          ;         ;
; db/cntr_g7i.tdf                  ; yes             ; Auto-Generated Megafunction  ; D:/repos/verilog/lab_QMS/lab_QMS2/db/cntr_g7i.tdf                              ;         ;
; lpm_mult.tdf                     ; yes             ; Megafunction                 ; c:/intelfpga_lite/18.1/quartus/libraries/megafunctions/lpm_mult.tdf            ;         ;
; multcore.inc                     ; yes             ; Megafunction                 ; c:/intelfpga_lite/18.1/quartus/libraries/megafunctions/multcore.inc            ;         ;
; bypassff.inc                     ; yes             ; Megafunction                 ; c:/intelfpga_lite/18.1/quartus/libraries/megafunctions/bypassff.inc            ;         ;
; altshift.inc                     ; yes             ; Megafunction                 ; c:/intelfpga_lite/18.1/quartus/libraries/megafunctions/altshift.inc            ;         ;
; db/mult_scn.tdf                  ; yes             ; Auto-Generated Megafunction  ; D:/repos/verilog/lab_QMS/lab_QMS2/db/mult_scn.tdf                              ;         ;
+----------------------------------+-----------------+------------------------------+--------------------------------------------------------------------------------+---------+


+---------------------------------------------------------+
; Analysis & Synthesis Resource Usage Summary             ;
+---------------------------------------------+-----------+
; Resource                                    ; Usage     ;
+---------------------------------------------+-----------+
; Estimated Total logic elements              ; 26        ;
;                                             ;           ;
; Total combinational functions               ; 8         ;
; Logic element usage by number of LUT inputs ;           ;
;     -- 4 input functions                    ; 0         ;
;     -- 3 input functions                    ; 0         ;
;     -- <=2 input functions                  ; 8         ;
;                                             ;           ;
; Logic elements by mode                      ;           ;
;     -- normal mode                          ; 1         ;
;     -- arithmetic mode                      ; 7         ;
;                                             ;           ;
; Total registers                             ; 26        ;
;     -- Dedicated logic registers            ; 26        ;
;     -- I/O registers                        ; 0         ;
;                                             ;           ;
; I/O pins                                    ; 18        ;
;                                             ;           ;
; Embedded Multiplier 9-bit elements          ; 1         ;
;                                             ;           ;
; Maximum fan-out node                        ; CLK~input ;
; Maximum fan-out                             ; 26        ;
; Total fan-out                               ; 135       ;
; Average fan-out                             ; 1.88      ;
+---------------------------------------------+-----------+


+--------------------------------------------------------------------------------------------------------------------------------------------------------------------------------------------------------------------------------------------------------------------------------------+
; Analysis & Synthesis Resource Utilization by Entity                                                                                                                                                                                                                                  ;
+-------------------------------------------+---------------------+---------------------------+-------------+--------------+---------+-----------+------+--------------+----------------------------------------------------------------------------------+-------------+--------------+
; Compilation Hierarchy Node                ; Combinational ALUTs ; Dedicated Logic Registers ; Memory Bits ; DSP Elements ; DSP 9x9 ; DSP 18x18 ; Pins ; Virtual Pins ; Full Hierarchy Name                                                              ; Entity Name ; Library Name ;
+-------------------------------------------+---------------------+---------------------------+-------------+--------------+---------+-----------+------+--------------+----------------------------------------------------------------------------------+-------------+--------------+
; |lab_QMS2                                 ; 8 (0)               ; 26 (18)                   ; 0           ; 1            ; 1       ; 0         ; 18   ; 0            ; |lab_QMS2                                                                        ; lab_QMS2    ; work         ;
;    |CNT:CNT_inst|                         ; 8 (0)               ; 8 (0)                     ; 0           ; 0            ; 0       ; 0         ; 0    ; 0            ; |lab_QMS2|CNT:CNT_inst                                                           ; CNT         ; work         ;
;       |lpm_counter:LPM_COUNTER_component| ; 8 (0)               ; 8 (0)                     ; 0           ; 0            ; 0       ; 0         ; 0    ; 0            ; |lab_QMS2|CNT:CNT_inst|lpm_counter:LPM_COUNTER_component                         ; lpm_counter ; work         ;
;          |cntr_g7i:auto_generated|        ; 8 (8)               ; 8 (8)                     ; 0           ; 0            ; 0       ; 0         ; 0    ; 0            ; |lab_QMS2|CNT:CNT_inst|lpm_counter:LPM_COUNTER_component|cntr_g7i:auto_generated ; cntr_g7i    ; work         ;
;    |PWR:PWR_inst|                         ; 0 (0)               ; 0 (0)                     ; 0           ; 1            ; 1       ; 0         ; 0    ; 0            ; |lab_QMS2|PWR:PWR_inst                                                           ; PWR         ; work         ;
;       |lpm_mult:lpm_mult_component|       ; 0 (0)               ; 0 (0)                     ; 0           ; 1            ; 1       ; 0         ; 0    ; 0            ; |lab_QMS2|PWR:PWR_inst|lpm_mult:lpm_mult_component                               ; lpm_mult    ; work         ;
;          |mult_scn:auto_generated|        ; 0 (0)               ; 0 (0)                     ; 0           ; 1            ; 1       ; 0         ; 0    ; 0            ; |lab_QMS2|PWR:PWR_inst|lpm_mult:lpm_mult_component|mult_scn:auto_generated       ; mult_scn    ; work         ;
+-------------------------------------------+---------------------+---------------------------+-------------+--------------+---------+-----------+------+--------------+----------------------------------------------------------------------------------+-------------+--------------+
Note: For table entries with two numbers listed, the numbers in parentheses indicate the number of resources of the given type used by the specific entity alone. The numbers listed outside of parentheses indicate the total resources of the given type used by the specific entity and all of its sub-entities in the hierarchy.


+-----------------------------------------------------+
; Analysis & Synthesis DSP Block Usage Summary        ;
+---------------------------------------+-------------+
; Statistic                             ; Number Used ;
+---------------------------------------+-------------+
; Simple Multipliers (9-bit)            ; 1           ;
; Simple Multipliers (18-bit)           ; 0           ;
; Embedded Multiplier Blocks            ; --          ;
; Embedded Multiplier 9-bit elements    ; 1           ;
; Signed Embedded Multipliers           ; 0           ;
; Unsigned Embedded Multipliers         ; 1           ;
; Mixed Sign Embedded Multipliers       ; 0           ;
; Variable Sign Embedded Multipliers    ; 0           ;
; Dedicated Input Shift Register Chains ; 0           ;
+---------------------------------------+-------------+
Note: number of Embedded Multiplier Blocks used is only available after a successful fit.


+----------------------------------------------------------------------------------------------------------+
; Analysis & Synthesis IP Cores Summary                                                                    ;
+--------+--------------+---------+--------------+--------------+------------------------+-----------------+
; Vendor ; IP Core Name ; Version ; Release Date ; License Type ; Entity Instance        ; IP Include File ;
+--------+--------------+---------+--------------+--------------+------------------------+-----------------+
; Altera ; LPM_COUNTER  ; 18.1    ; N/A          ; N/A          ; |lab_QMS2|CNT:CNT_inst ; CNT.v           ;
; Altera ; LPM_MULT     ; 18.1    ; N/A          ; N/A          ; |lab_QMS2|PWR:PWR_inst ; PWR.v           ;
+--------+--------------+---------+--------------+--------------+------------------------+-----------------+


+------------------------------------------------------+
; General Register Statistics                          ;
+----------------------------------------------+-------+
; Statistic                                    ; Value ;
+----------------------------------------------+-------+
; Total registers                              ; 26    ;
; Number of registers using Synchronous Clear  ; 0     ;
; Number of registers using Synchronous Load   ; 0     ;
; Number of registers using Asynchronous Clear ; 26    ;
; Number of registers using Asynchronous Load  ; 0     ;
; Number of registers using Clock Enable       ; 0     ;
; Number of registers using Preset             ; 0     ;
+----------------------------------------------+-------+


+--------------------------------------------------+
; Inverted Register Statistics                     ;
+----------------------------------------+---------+
; Inverted Register                      ; Fan out ;
+----------------------------------------+---------+
; arst                                   ; 24      ;
; t_rst                                  ; 1       ;
; Total number of inverted registers = 2 ;         ;
+----------------------------------------+---------+


+---------------------------------------------------------------------------------------------+
; Parameter Settings for User Entity Instance: CNT:CNT_inst|lpm_counter:LPM_COUNTER_component ;
+------------------------+--------------+-----------------------------------------------------+
; Parameter Name         ; Value        ; Type                                                ;
+------------------------+--------------+-----------------------------------------------------+
; AUTO_CARRY_CHAINS      ; ON           ; AUTO_CARRY                                          ;
; IGNORE_CARRY_BUFFERS   ; OFF          ; IGNORE_CARRY                                        ;
; AUTO_CASCADE_CHAINS    ; ON           ; AUTO_CASCADE                                        ;
; IGNORE_CASCADE_BUFFERS ; OFF          ; IGNORE_CASCADE                                      ;
; LPM_WIDTH              ; 8            ; Signed Integer                                      ;
; LPM_DIRECTION          ; UP           ; Untyped                                             ;
; LPM_MODULUS            ; 0            ; Untyped                                             ;
; LPM_AVALUE             ; UNUSED       ; Untyped                                             ;
; LPM_SVALUE             ; UNUSED       ; Untyped                                             ;
; LPM_PORT_UPDOWN        ; PORT_UNUSED  ; Untyped                                             ;
; DEVICE_FAMILY          ; Cyclone IV E ; Untyped                                             ;
; CARRY_CHAIN            ; MANUAL       ; Untyped                                             ;
; CARRY_CHAIN_LENGTH     ; 48           ; CARRY_CHAIN_LENGTH                                  ;
; NOT_GATE_PUSH_BACK     ; ON           ; NOT_GATE_PUSH_BACK                                  ;
; CARRY_CNT_EN           ; SMART        ; Untyped                                             ;
; LABWIDE_SCLR           ; ON           ; Untyped                                             ;
; USE_NEW_VERSION        ; TRUE         ; Untyped                                             ;
; CBXI_PARAMETER         ; cntr_g7i     ; Untyped                                             ;
+------------------------+--------------+-----------------------------------------------------+
Note: In order to hide this table in the UI and the text report file, please set the "Show Parameter Settings in Synthesis Report" option in "Analysis and Synthesis Settings -> More Settings" to "Off".


+---------------------------------------------------------------------------------------+
; Parameter Settings for User Entity Instance: PWR:PWR_inst|lpm_mult:lpm_mult_component ;
+------------------------------------------------+--------------+-----------------------+
; Parameter Name                                 ; Value        ; Type                  ;
+------------------------------------------------+--------------+-----------------------+
; AUTO_CARRY_CHAINS                              ; ON           ; AUTO_CARRY            ;
; IGNORE_CARRY_BUFFERS                           ; OFF          ; IGNORE_CARRY          ;
; AUTO_CASCADE_CHAINS                            ; ON           ; AUTO_CASCADE          ;
; IGNORE_CASCADE_BUFFERS                         ; OFF          ; IGNORE_CASCADE        ;
; LPM_WIDTHA                                     ; 8            ; Signed Integer        ;
; LPM_WIDTHB                                     ; 8            ; Signed Integer        ;
; LPM_WIDTHP                                     ; 16           ; Signed Integer        ;
; LPM_WIDTHR                                     ; 0            ; Untyped               ;
; LPM_WIDTHS                                     ; 1            ; Untyped               ;
; LPM_REPRESENTATION                             ; UNSIGNED     ; Untyped               ;
; LPM_PIPELINE                                   ; 0            ; Untyped               ;
; LATENCY                                        ; 0            ; Untyped               ;
; INPUT_A_IS_CONSTANT                            ; NO           ; Untyped               ;
; INPUT_B_IS_CONSTANT                            ; NO           ; Untyped               ;
; USE_EAB                                        ; OFF          ; Untyped               ;
; MAXIMIZE_SPEED                                 ; 5            ; Untyped               ;
; DEVICE_FAMILY                                  ; Cyclone IV E ; Untyped               ;
; CARRY_CHAIN                                    ; MANUAL       ; Untyped               ;
; APEX20K_TECHNOLOGY_MAPPER                      ; LUT          ; TECH_MAPPER_APEX20K   ;
; DEDICATED_MULTIPLIER_CIRCUITRY                 ; AUTO         ; Untyped               ;
; DEDICATED_MULTIPLIER_MIN_INPUT_WIDTH_FOR_AUTO  ; 0            ; Untyped               ;
; DEDICATED_MULTIPLIER_MIN_OUTPUT_WIDTH_FOR_AUTO ; 0            ; Untyped               ;
; CBXI_PARAMETER                                 ; mult_scn     ; Untyped               ;
; INPUT_A_FIXED_VALUE                            ; Bx           ; Untyped               ;
; INPUT_B_FIXED_VALUE                            ; Bx           ; Untyped               ;
; USE_AHDL_IMPLEMENTATION                        ; OFF          ; Untyped               ;
+------------------------------------------------+--------------+-----------------------+
Note: In order to hide this table in the UI and the text report file, please set the "Show Parameter Settings in Synthesis Report" option in "Analysis and Synthesis Settings -> More Settings" to "Off".


+----------------------------------------------------------------------------------+
; lpm_mult Parameter Settings by Entity Instance                                   ;
+---------------------------------------+------------------------------------------+
; Name                                  ; Value                                    ;
+---------------------------------------+------------------------------------------+
; Number of entity instances            ; 1                                        ;
; Entity Instance                       ; PWR:PWR_inst|lpm_mult:lpm_mult_component ;
;     -- LPM_WIDTHA                     ; 8                                        ;
;     -- LPM_WIDTHB                     ; 8                                        ;
;     -- LPM_WIDTHP                     ; 16                                       ;
;     -- LPM_REPRESENTATION             ; UNSIGNED                                 ;
;     -- INPUT_A_IS_CONSTANT            ; NO                                       ;
;     -- INPUT_B_IS_CONSTANT            ; NO                                       ;
;     -- USE_EAB                        ; OFF                                      ;
;     -- DEDICATED_MULTIPLIER_CIRCUITRY ; AUTO                                     ;
;     -- INPUT_A_FIXED_VALUE            ; Bx                                       ;
;     -- INPUT_B_FIXED_VALUE            ; Bx                                       ;
+---------------------------------------+------------------------------------------+


+-----------------------------------------------------+
; Post-Synthesis Netlist Statistics for Top Partition ;
+-----------------------+-----------------------------+
; Type                  ; Count                       ;
+-----------------------+-----------------------------+
; boundary_port         ; 18                          ;
; cycloneiii_ff         ; 26                          ;
;     CLR               ; 26                          ;
; cycloneiii_lcell_comb ; 8                           ;
;     arith             ; 7                           ;
;         2 data inputs ; 7                           ;
;     normal            ; 1                           ;
;         1 data inputs ; 1                           ;
; cycloneiii_mac_mult   ; 1                           ;
; cycloneiii_mac_out    ; 1                           ;
;                       ;                             ;
; Max LUT depth         ; 1.70                        ;
; Average LUT depth     ; 0.45                        ;
+-----------------------+-----------------------------+


+-------------------------------+
; Elapsed Time Per Partition    ;
+----------------+--------------+
; Partition Name ; Elapsed Time ;
+----------------+--------------+
; Top            ; 00:00:00     ;
+----------------+--------------+


+-------------------------------+
; Analysis & Synthesis Messages ;
+-------------------------------+
Info: *******************************************************************
Info: Running Quartus Prime Analysis & Synthesis
    Info: Version 18.1.0 Build 625 09/12/2018 SJ Lite Edition
    Info: Processing started: Tue Nov 19 20:44:10 2024
Info: Command: quartus_map --read_settings_files=on --write_settings_files=off lab_QMS2 -c lab_QMS2
Warning (18236): Number of processors has not been specified which may cause overloading on shared machines.  Set the global assignment NUM_PARALLEL_PROCESSORS in your QSF to an appropriate value for best performance.
Info (20030): Parallel compilation is enabled and will use 12 of the 12 processors detected
Info (12021): Found 1 design units, including 1 entities, in source file cnt.v
    Info (12023): Found entity 1: CNT File: D:/repos/verilog/lab_QMS/lab_QMS2/CNT.v Line: 39
Info (12021): Found 1 design units, including 1 entities, in source file pwr.v
    Info (12023): Found entity 1: PWR File: D:/repos/verilog/lab_QMS/lab_QMS2/PWR.v Line: 39
Info (12021): Found 1 design units, including 1 entities, in source file lab_qms2.sv
    Info (12023): Found entity 1: lab_QMS2 File: D:/repos/verilog/lab_QMS/lab_QMS2/lab_QMS2.sv Line: 1
Info (12021): Found 1 design units, including 1 entities, in source file tb_lab_qms2.sv
    Info (12023): Found entity 1: tb_lab_QMS2 File: D:/repos/verilog/lab_QMS/lab_QMS2/tb_lab_QMS2.sv Line: 2
Info (12127): Elaborating entity "lab_QMS2" for the top level hierarchy
Info (12128): Elaborating entity "CNT" for hierarchy "CNT:CNT_inst" File: D:/repos/verilog/lab_QMS/lab_QMS2/lab_QMS2.sv Line: 33
Info (12128): Elaborating entity "lpm_counter" for hierarchy "CNT:CNT_inst|lpm_counter:LPM_COUNTER_component" File: D:/repos/verilog/lab_QMS/lab_QMS2/CNT.v Line: 66
Info (12130): Elaborated megafunction instantiation "CNT:CNT_inst|lpm_counter:LPM_COUNTER_component" File: D:/repos/verilog/lab_QMS/lab_QMS2/CNT.v Line: 66
Info (12133): Instantiated megafunction "CNT:CNT_inst|lpm_counter:LPM_COUNTER_component" with the following parameter: File: D:/repos/verilog/lab_QMS/lab_QMS2/CNT.v Line: 66
    Info (12134): Parameter "lpm_direction" = "UP"
    Info (12134): Parameter "lpm_port_updown" = "PORT_UNUSED"
    Info (12134): Parameter "lpm_type" = "LPM_COUNTER"
    Info (12134): Parameter "lpm_width" = "8"
Info (12021): Found 1 design units, including 1 entities, in source file db/cntr_g7i.tdf
    Info (12023): Found entity 1: cntr_g7i File: D:/repos/verilog/lab_QMS/lab_QMS2/db/cntr_g7i.tdf Line: 25
Info (12128): Elaborating entity "cntr_g7i" for hierarchy "CNT:CNT_inst|lpm_counter:LPM_COUNTER_component|cntr_g7i:auto_generated" File: c:/intelfpga_lite/18.1/quartus/libraries/megafunctions/lpm_counter.tdf Line: 258
Info (12128): Elaborating entity "PWR" for hierarchy "PWR:PWR_inst" File: D:/repos/verilog/lab_QMS/lab_QMS2/lab_QMS2.sv Line: 41
Info (12128): Elaborating entity "lpm_mult" for hierarchy "PWR:PWR_inst|lpm_mult:lpm_mult_component" File: D:/repos/verilog/lab_QMS/lab_QMS2/PWR.v Line: 59
Info (12130): Elaborated megafunction instantiation "PWR:PWR_inst|lpm_mult:lpm_mult_component" File: D:/repos/verilog/lab_QMS/lab_QMS2/PWR.v Line: 59
Info (12133): Instantiated megafunction "PWR:PWR_inst|lpm_mult:lpm_mult_component" with the following parameter: File: D:/repos/verilog/lab_QMS/lab_QMS2/PWR.v Line: 59
    Info (12134): Parameter "lpm_hint" = "MAXIMIZE_SPEED=5"
    Info (12134): Parameter "lpm_representation" = "UNSIGNED"
    Info (12134): Parameter "lpm_type" = "LPM_MULT"
    Info (12134): Parameter "lpm_widtha" = "8"
    Info (12134): Parameter "lpm_widthb" = "8"
    Info (12134): Parameter "lpm_widthp" = "16"
Info (12021): Found 1 design units, including 1 entities, in source file db/mult_scn.tdf
    Info (12023): Found entity 1: mult_scn File: D:/repos/verilog/lab_QMS/lab_QMS2/db/mult_scn.tdf Line: 28
Info (12128): Elaborating entity "mult_scn" for hierarchy "PWR:PWR_inst|lpm_mult:lpm_mult_component|mult_scn:auto_generated" File: c:/intelfpga_lite/18.1/quartus/libraries/megafunctions/lpm_mult.tdf Line: 376
Info (13000): Registers with preset signals will power-up high File: D:/repos/verilog/lab_QMS/lab_QMS2/lab_QMS2.sv Line: 11
Info (13003): DEV_CLRn pin will set, and not reset, register with preset signal due to NOT Gate Push-Back
Info (286030): Timing-Driven Synthesis is running
Info (16010): Generating hard_block partition "hard_block:auto_generated_inst"
    Info (16011): Adding 0 node(s), including 0 DDIO, 0 PLL, 0 transceiver and 0 LCELL
Info (21057): Implemented 45 device resources after synthesis - the final resource count might be different
    Info (21058): Implemented 2 input pins
    Info (21059): Implemented 16 output pins
    Info (21061): Implemented 26 logic cells
    Info (21062): Implemented 1 DSP elements
Info: Quartus Prime Analysis & Synthesis was successful. 0 errors, 1 warning
    Info: Peak virtual memory: 4824 megabytes
    Info: Processing ended: Tue Nov 19 20:44:21 2024
    Info: Elapsed time: 00:00:11
    Info: Total CPU time (on all processors): 00:00:09


