Flow report for lab6
Sat Apr 27 17:51:54 2024
Quartus Prime Version 18.1.0 Build 625 09/12/2018 SJ Lite Edition


---------------------
; Table of Contents ;
---------------------
  1. Legal Notice
  2. Flow Summary
  3. Flow Settings
  4. Flow Non-Default Global Settings
  5. Flow Elapsed Time
  6. Flow OS Summary
  7. Flow Log
  8. Flow Messages
  9. Flow Suppressed Messages



----------------
; Legal Notice ;
----------------
Copyright (C) 2018  Intel Corporation. All rights reserved.
Your use of Intel Corporation's design tools, logic functions 
and other software and tools, and its AMPP partner logic 
functions, and any output files from any of the foregoing 
(including device programming or simulation files), and any 
associated documentation or information are expressly subject 
to the terms and conditions of the Intel Program License 
Subscription Agreement, the Intel Quartus Prime License Agreement,
the Intel FPGA IP License Agreement, or other applicable license
agreement, including, without limitation, that your use is for
the sole purpose of programming logic devices manufactured by
Intel and sold by Intel or its authorized distributors.  Please
refer to the applicable agreement for further details.



+----------------------------------------------------------------------------------+
; Flow Summary                                                                     ;
+------------------------------------+---------------------------------------------+
; Flow Status                        ; Successful - Sat Apr 27 17:51:54 2024       ;
; Quartus Prime Version              ; 18.1.0 Build 625 09/12/2018 SJ Lite Edition ;
; Revision Name                      ; lab6                                        ;
; Top-level Entity Name              ; p6                                          ;
; Family                             ; Cyclone IV E                                ;
; Device                             ; EP4CE6E22C6                                 ;
; Timing Models                      ; Final                                       ;
; Total logic elements               ; 26 / 6,272 ( < 1 % )                        ;
;     Total combinational functions  ; 26 / 6,272 ( < 1 % )                        ;
;     Dedicated logic registers      ; 15 / 6,272 ( < 1 % )                        ;
; Total registers                    ; 15                                          ;
; Total pins                         ; 18 / 92 ( 20 % )                            ;
; Total virtual pins                 ; 0                                           ;
; Total memory bits                  ; 0 / 276,480 ( 0 % )                         ;
; Embedded Multiplier 9-bit elements ; 0 / 30 ( 0 % )                              ;
; Total PLLs                         ; 0 / 2 ( 0 % )                               ;
+------------------------------------+---------------------------------------------+


+-----------------------------------------+
; Flow Settings                           ;
+-------------------+---------------------+
; Option            ; Setting             ;
+-------------------+---------------------+
; Start date & time ; 04/27/2024 17:49:32 ;
; Main task         ; Compilation         ;
; Revision Name     ; lab6                ;
+-------------------+---------------------+


+-------------------------------------------------------------------------------------------------------------------------+
; Flow Non-Default Global Settings                                                                                        ;
+-------------------------------------+----------------------------------------+---------------+-------------+------------+
; Assignment Name                     ; Value                                  ; Default Value ; Entity Name ; Section Id ;
+-------------------------------------+----------------------------------------+---------------+-------------+------------+
; COMPILER_SIGNATURE_ID               ; 2545192227414.171422937224992          ; --            ; --          ; --         ;
; MISC_FILE                           ; c1.bsf                                 ; --            ; --          ; --         ;
; MISC_FILE                           ; c1_bb.v                                ; --            ; --          ; --         ;
; MISC_FILE                           ; c2.bsf                                 ; --            ; --          ; --         ;
; MISC_FILE                           ; c2_bb.v                                ; --            ; --          ; --         ;
; MISC_FILE                           ; c3.bsf                                 ; --            ; --          ; --         ;
; MISC_FILE                           ; c3_bb.v                                ; --            ; --          ; --         ;
; MISC_FILE                           ; c21.bsf                                ; --            ; --          ; --         ;
; MISC_FILE                           ; c21_bb.v                               ; --            ; --          ; --         ;
; MISC_FILE                           ; c22.bsf                                ; --            ; --          ; --         ;
; MISC_FILE                           ; c22_bb.v                               ; --            ; --          ; --         ;
; MISC_FILE                           ; c23.bsf                                ; --            ; --          ; --         ;
; MISC_FILE                           ; c23_bb.v                               ; --            ; --          ; --         ;
; MISC_FILE                           ; c24.bsf                                ; --            ; --          ; --         ;
; MISC_FILE                           ; c24_bb.v                               ; --            ; --          ; --         ;
; MISC_FILE                           ; c25.bsf                                ; --            ; --          ; --         ;
; MISC_FILE                           ; c25_bb.v                               ; --            ; --          ; --         ;
; PARTITION_COLOR                     ; -- (Not supported for targeted family) ; --            ; p6          ; Top        ;
; PARTITION_FITTER_PRESERVATION_LEVEL ; -- (Not supported for targeted family) ; --            ; p6          ; Top        ;
; PARTITION_NETLIST_TYPE              ; -- (Not supported for targeted family) ; --            ; p6          ; Top        ;
; PROJECT_OUTPUT_DIRECTORY            ; output_files                           ; --            ; --          ; --         ;
; TOP_LEVEL_ENTITY                    ; p6                                     ; lab6          ; --          ; --         ;
+-------------------------------------+----------------------------------------+---------------+-------------+------------+


+--------------------------------------------------------------------------------------------------------------------------+
; Flow Elapsed Time                                                                                                        ;
+----------------------+--------------+-------------------------+---------------------+------------------------------------+
; Module Name          ; Elapsed Time ; Average Processors Used ; Peak Virtual Memory ; Total CPU Time (on all processors) ;
+----------------------+--------------+-------------------------+---------------------+------------------------------------+
; Analysis & Synthesis ; 00:00:10     ; 1.0                     ; 4826 MB             ; 00:00:08                           ;
; Fitter               ; 00:00:04     ; 1.0                     ; 6078 MB             ; 00:00:02                           ;
; Assembler            ; 00:00:01     ; 1.0                     ; 4670 MB             ; 00:00:00                           ;
; Timing Analyzer      ; 00:00:01     ; 1.0                     ; 4855 MB             ; 00:00:01                           ;
; EDA Netlist Writer   ; 00:00:01     ; 1.0                     ; 4621 MB             ; 00:00:00                           ;
; EDA Netlist Writer   ; 00:00:01     ; 1.0                     ; 4637 MB             ; 00:00:00                           ;
; EDA Netlist Writer   ; 00:00:01     ; 1.0                     ; 4621 MB             ; 00:00:00                           ;
; EDA Netlist Writer   ; 00:00:01     ; 1.0                     ; 4637 MB             ; 00:00:00                           ;
; EDA Netlist Writer   ; 00:00:01     ; 1.0                     ; 4621 MB             ; 00:00:00                           ;
; EDA Netlist Writer   ; 00:00:01     ; 1.0                     ; 4637 MB             ; 00:00:00                           ;
; Total                ; 00:00:22     ; --                      ; --                  ; 00:00:11                           ;
+----------------------+--------------+-------------------------+---------------------+------------------------------------+


+------------------------------------------------------------------------------------+
; Flow OS Summary                                                                    ;
+----------------------+------------------+------------+------------+----------------+
; Module Name          ; Machine Hostname ; OS Name    ; OS Version ; Processor type ;
+----------------------+------------------+------------+------------+----------------+
; Analysis & Synthesis ; DESKTOP-K75V9G5  ; Windows 10 ; 10.0       ; x86_64         ;
; Fitter               ; DESKTOP-K75V9G5  ; Windows 10 ; 10.0       ; x86_64         ;
; Assembler            ; DESKTOP-K75V9G5  ; Windows 10 ; 10.0       ; x86_64         ;
; Timing Analyzer      ; DESKTOP-K75V9G5  ; Windows 10 ; 10.0       ; x86_64         ;
; EDA Netlist Writer   ; DESKTOP-K75V9G5  ; Windows 10 ; 10.0       ; x86_64         ;
; EDA Netlist Writer   ; DESKTOP-K75V9G5  ; Windows 10 ; 10.0       ; x86_64         ;
; EDA Netlist Writer   ; DESKTOP-K75V9G5  ; Windows 10 ; 10.0       ; x86_64         ;
; EDA Netlist Writer   ; DESKTOP-K75V9G5  ; Windows 10 ; 10.0       ; x86_64         ;
; EDA Netlist Writer   ; DESKTOP-K75V9G5  ; Windows 10 ; 10.0       ; x86_64         ;
; EDA Netlist Writer   ; DESKTOP-K75V9G5  ; Windows 10 ; 10.0       ; x86_64         ;
+----------------------+------------------+------------+------------+----------------+


------------
; Flow Log ;
------------
quartus_map --read_settings_files=on --write_settings_files=off lab6 -c lab6
quartus_fit --read_settings_files=off --write_settings_files=off lab6 -c lab6
quartus_asm --read_settings_files=off --write_settings_files=off lab6 -c lab6
quartus_sta lab6 -c lab6
quartus_eda --gen_testbench --tool=modelsim_oem --format=verilog --write_settings_files=off lab6 -c lab6 --vector_source=C:/Student/20003/Wagner/lab6/Waveform6.vwf --testbench_file=C:/Student/20003/Wagner/lab6/simulation/qsim/Waveform6.vwf.vt
quartus_eda --write_settings_files=off --simulation=on --functional=off --flatten_buses=off --timescale=1ps --tool=modelsim_oem --format=verilog --output_directory=C:/Student/20003/Wagner/lab6/simulation/qsim/ lab6 -c lab6
quartus_eda --gen_testbench --tool=modelsim_oem --format=verilog --write_settings_files=off lab6 -c lab6 --vector_source=C:/Student/20003/Wagner/lab6/Waveform6.vwf --testbench_file=C:/Student/20003/Wagner/lab6/simulation/qsim/Waveform6.vwf.vt
quartus_eda --write_settings_files=off --simulation=on --functional=off --flatten_buses=off --timescale=1ps --tool=modelsim_oem --format=verilog --output_directory=C:/Student/20003/Wagner/lab6/simulation/qsim/ lab6 -c lab6
quartus_eda --gen_testbench --tool=modelsim_oem --format=verilog --write_settings_files=off lab6 -c lab6 --vector_source=C:/Student/20003/Wagner/lab6/Waveform6.vwf --testbench_file=C:/Student/20003/Wagner/lab6/simulation/qsim/Waveform6.vwf.vt
quartus_eda --write_settings_files=off --simulation=on --functional=off --flatten_buses=off --timescale=1ps --tool=modelsim_oem --format=verilog --output_directory=C:/Student/20003/Wagner/lab6/simulation/qsim/ lab6 -c lab6



