     1	#! /bin/bash
     1	#! /bin/bash
     1	#! /bin/bash
     1	#! /bin/bash
     1	#! /bin/bash
     1	#! /bin/bash
     2	bash ./$1
./3_2.sh      1	#! /bin/bash
./4.sh      1	#! /bin/bash
./2.sh      1	#! /bin/bash
./5.out      1	     1	#! /bin/bash
     2	     1	#! /bin/bash
     3	     1	#! /bin/bash
     4	     1	#! /bin/bash
     5	     1	#! /bin/bash
     6	     1	#! /bin/bash
     7	     2	bash ./$1
     8	./3_2.sh      1	#! /bin/bash
     9	./4.sh      1	#! /bin/bash
    10	./2.sh      1	#! /bin/bash
./1.sh      1	#! /bin/bash
./5.sh      1	#! /bin/bash
./3_1.sh      1	#! /bin/bash
     2	bash ./$1
